<?xml version="1.0" encoding="UTF-8"?>
<testsuite xmlns:xsi="http://www.w3.org/2001/XMLSchema-instance" xsi:noNamespaceSchemaLocation="https://maven.apache.org/surefire/maven-surefire-plugin/xsd/surefire-test-report-3.0.xsd" version="3.0" name="pt.ua.jm.tqs.TestloginTest" time="8.674" tests="1" errors="1" skipped="0" failures="0">
  <properties>
    <property name="awt.toolkit" value="sun.awt.X11.XToolkit"/>
    <property name="java.specification.version" value="11"/>
    <property name="sun.cpu.isalist" value=""/>
    <property name="sun.jnu.encoding" value="UTF-8"/>
    <property name="java.class.path" value="/home/jota/Documents/UA/TQS/Lab3/ex2/lab3_2/target/test-classes:/home/jota/Documents/UA/TQS/Lab3/ex2/lab3_2/target/classes:/home/jota/.m2/repository/org/junit/jupiter/junit-jupiter-api/5.5.2/junit-jupiter-api-5.5.2.jar:/home/jota/.m2/repository/org/apiguardian/apiguardian-api/1.1.0/apiguardian-api-1.1.0.jar:/home/jota/.m2/repository/org/opentest4j/opentest4j/1.2.0/opentest4j-1.2.0.jar:/home/jota/.m2/repository/org/junit/platform/junit-platform-commons/1.5.2/junit-platform-commons-1.5.2.jar:/home/jota/.m2/repository/org/junit/jupiter/junit-jupiter-engine/5.5.2/junit-jupiter-engine-5.5.2.jar:/home/jota/.m2/repository/org/junit/platform/junit-platform-engine/1.5.2/junit-platform-engine-1.5.2.jar:/home/jota/.m2/repository/org/hamcrest/hamcrest-all/1.3/hamcrest-all-1.3.jar:/home/jota/.m2/repository/org/seleniumhq/selenium/selenium-java/3.141.59/selenium-java-3.141.59.jar:/home/jota/.m2/repository/org/seleniumhq/selenium/selenium-api/3.141.59/selenium-api-3.141.59.jar:/home/jota/.m2/repository/org/seleniumhq/selenium/selenium-chrome-driver/3.141.59/selenium-chrome-driver-3.141.59.jar:/home/jota/.m2/repository/org/seleniumhq/selenium/selenium-edge-driver/3.141.59/selenium-edge-driver-3.141.59.jar:/home/jota/.m2/repository/org/seleniumhq/selenium/selenium-firefox-driver/3.141.59/selenium-firefox-driver-3.141.59.jar:/home/jota/.m2/repository/org/seleniumhq/selenium/selenium-ie-driver/3.141.59/selenium-ie-driver-3.141.59.jar:/home/jota/.m2/repository/org/seleniumhq/selenium/selenium-opera-driver/3.141.59/selenium-opera-driver-3.141.59.jar:/home/jota/.m2/repository/org/seleniumhq/selenium/selenium-remote-driver/3.141.59/selenium-remote-driver-3.141.59.jar:/home/jota/.m2/repository/org/seleniumhq/selenium/selenium-safari-driver/3.141.59/selenium-safari-driver-3.141.59.jar:/home/jota/.m2/repository/org/seleniumhq/selenium/selenium-support/3.141.59/selenium-support-3.141.59.jar:/home/jota/.m2/repository/net/bytebuddy/byte-buddy/1.8.15/byte-buddy-1.8.15.jar:/home/jota/.m2/repository/org/apache/commons/commons-exec/1.3/commons-exec-1.3.jar:/home/jota/.m2/repository/com/google/guava/guava/25.0-jre/guava-25.0-jre.jar:/home/jota/.m2/repository/com/google/code/findbugs/jsr305/1.3.9/jsr305-1.3.9.jar:/home/jota/.m2/repository/org/checkerframework/checker-compat-qual/2.0.0/checker-compat-qual-2.0.0.jar:/home/jota/.m2/repository/com/google/errorprone/error_prone_annotations/2.1.3/error_prone_annotations-2.1.3.jar:/home/jota/.m2/repository/com/google/j2objc/j2objc-annotations/1.1/j2objc-annotations-1.1.jar:/home/jota/.m2/repository/org/codehaus/mojo/animal-sniffer-annotations/1.14/animal-sniffer-annotations-1.14.jar:/home/jota/.m2/repository/com/squareup/okhttp3/okhttp/3.11.0/okhttp-3.11.0.jar:/home/jota/.m2/repository/com/squareup/okio/okio/1.14.0/okio-1.14.0.jar:/home/jota/.m2/repository/io/github/bonigarcia/selenium-jupiter/3.3.4/selenium-jupiter-3.3.4.jar:/home/jota/.m2/repository/io/github/bonigarcia/webdrivermanager/3.8.1/webdrivermanager-3.8.1.jar:/home/jota/.m2/repository/commons-io/commons-io/2.6/commons-io-2.6.jar:/home/jota/.m2/repository/com/google/code/gson/gson/2.8.5/gson-2.8.5.jar:/home/jota/.m2/repository/org/apache/commons/commons-lang3/3.8.1/commons-lang3-3.8.1.jar:/home/jota/.m2/repository/org/apache/httpcomponents/httpclient/4.5.6/httpclient-4.5.6.jar:/home/jota/.m2/repository/commons-logging/commons-logging/1.2/commons-logging-1.2.jar:/home/jota/.m2/repository/commons-codec/commons-codec/1.10/commons-codec-1.10.jar:/home/jota/.m2/repository/org/rauschig/jarchivelib/1.0.0/jarchivelib-1.0.0.jar:/home/jota/.m2/repository/org/jsoup/jsoup/1.11.3/jsoup-1.11.3.jar:/home/jota/.m2/repository/io/appium/java-client/7.0.0/java-client-7.0.0.jar:/home/jota/.m2/repository/cglib/cglib/3.2.8/cglib-3.2.8.jar:/home/jota/.m2/repository/org/ow2/asm/asm/6.2.1/asm-6.2.1.jar:/home/jota/.m2/repository/org/apache/ant/ant/1.10.3/ant-1.10.3.jar:/home/jota/.m2/repository/org/apache/ant/ant-launcher/1.10.3/ant-launcher-1.10.3.jar:/home/jota/.m2/repository/commons-validator/commons-validator/1.6/commons-validator-1.6.jar:/home/jota/.m2/repository/commons-beanutils/commons-beanutils/1.9.2/commons-beanutils-1.9.2.jar:/home/jota/.m2/repository/commons-digester/commons-digester/1.8.1/commons-digester-1.8.1.jar:/home/jota/.m2/repository/commons-collections/commons-collections/3.2.2/commons-collections-3.2.2.jar:/home/jota/.m2/repository/org/springframework/spring-context/5.1.0.RELEASE/spring-context-5.1.0.RELEASE.jar:/home/jota/.m2/repository/org/springframework/spring-aop/5.1.0.RELEASE/spring-aop-5.1.0.RELEASE.jar:/home/jota/.m2/repository/org/springframework/spring-beans/5.1.0.RELEASE/spring-beans-5.1.0.RELEASE.jar:/home/jota/.m2/repository/org/springframework/spring-core/5.1.0.RELEASE/spring-core-5.1.0.RELEASE.jar:/home/jota/.m2/repository/org/springframework/spring-jcl/5.1.0.RELEASE/spring-jcl-5.1.0.RELEASE.jar:/home/jota/.m2/repository/org/springframework/spring-expression/5.1.0.RELEASE/spring-expression-5.1.0.RELEASE.jar:/home/jota/.m2/repository/org/aspectj/aspectjweaver/1.9.1/aspectjweaver-1.9.1.jar:/home/jota/.m2/repository/com/spotify/docker-client/8.16.0/docker-client-8.16.0.jar:/home/jota/.m2/repository/com/fasterxml/jackson/jaxrs/jackson-jaxrs-json-provider/2.9.8/jackson-jaxrs-json-provider-2.9.8.jar:/home/jota/.m2/repository/com/fasterxml/jackson/jaxrs/jackson-jaxrs-base/2.9.8/jackson-jaxrs-base-2.9.8.jar:/home/jota/.m2/repository/com/fasterxml/jackson/module/jackson-module-jaxb-annotations/2.9.8/jackson-module-jaxb-annotations-2.9.8.jar:/home/jota/.m2/repository/com/fasterxml/jackson/datatype/jackson-datatype-guava/2.9.8/jackson-datatype-guava-2.9.8.jar:/home/jota/.m2/repository/com/fasterxml/jackson/core/jackson-core/2.9.8/jackson-core-2.9.8.jar:/home/jota/.m2/repository/com/fasterxml/jackson/core/jackson-databind/2.9.8/jackson-databind-2.9.8.jar:/home/jota/.m2/repository/com/fasterxml/jackson/core/jackson-annotations/2.9.0/jackson-annotations-2.9.0.jar:/home/jota/.m2/repository/org/glassfish/jersey/core/jersey-client/2.22.2/jersey-client-2.22.2.jar:/home/jota/.m2/repository/javax/ws/rs/javax.ws.rs-api/2.0.1/javax.ws.rs-api-2.0.1.jar:/home/jota/.m2/repository/org/glassfish/jersey/core/jersey-common/2.22.2/jersey-common-2.22.2.jar:/home/jota/.m2/repository/javax/annotation/javax.annotation-api/1.2/javax.annotation-api-1.2.jar:/home/jota/.m2/repository/org/glassfish/jersey/bundles/repackaged/jersey-guava/2.22.2/jersey-guava-2.22.2.jar:/home/jota/.m2/repository/org/glassfish/hk2/osgi-resource-locator/1.0.1/osgi-resource-locator-1.0.1.jar:/home/jota/.m2/repository/org/glassfish/hk2/hk2-api/2.4.0-b34/hk2-api-2.4.0-b34.jar:/home/jota/.m2/repository/org/glassfish/hk2/hk2-utils/2.4.0-b34/hk2-utils-2.4.0-b34.jar:/home/jota/.m2/repository/org/glassfish/hk2/external/aopalliance-repackaged/2.4.0-b34/aopalliance-repackaged-2.4.0-b34.jar:/home/jota/.m2/repository/org/glassfish/hk2/external/javax.inject/2.4.0-b34/javax.inject-2.4.0-b34.jar:/home/jota/.m2/repository/org/glassfish/hk2/hk2-locator/2.4.0-b34/hk2-locator-2.4.0-b34.jar:/home/jota/.m2/repository/org/glassfish/jersey/connectors/jersey-apache-connector/2.22.2/jersey-apache-connector-2.22.2.jar:/home/jota/.m2/repository/org/glassfish/jersey/media/jersey-media-json-jackson/2.22.2/jersey-media-json-jackson-2.22.2.jar:/home/jota/.m2/repository/org/glassfish/jersey/ext/jersey-entity-filtering/2.22.2/jersey-entity-filtering-2.22.2.jar:/home/jota/.m2/repository/javax/activation/activation/1.1/activation-1.1.jar:/home/jota/.m2/repository/org/apache/commons/commons-compress/1.18/commons-compress-1.18.jar:/home/jota/.m2/repository/org/apache/httpcomponents/httpcore/4.4.5/httpcore-4.4.5.jar:/home/jota/.m2/repository/com/github/jnr/jnr-unixsocket/0.18/jnr-unixsocket-0.18.jar:/home/jota/.m2/repository/com/github/jnr/jnr-ffi/2.1.4/jnr-ffi-2.1.4.jar:/home/jota/.m2/repository/com/github/jnr/jffi/1.2.15/jffi-1.2.15.jar:/home/jota/.m2/repository/com/github/jnr/jffi/1.2.15/jffi-1.2.15-native.jar:/home/jota/.m2/repository/org/ow2/asm/asm-commons/5.0.3/asm-commons-5.0.3.jar:/home/jota/.m2/repository/org/ow2/asm/asm-analysis/5.0.3/asm-analysis-5.0.3.jar:/home/jota/.m2/repository/org/ow2/asm/asm-tree/5.0.3/asm-tree-5.0.3.jar:/home/jota/.m2/repository/org/ow2/asm/asm-util/5.0.3/asm-util-5.0.3.jar:/home/jota/.m2/repository/com/github/jnr/jnr-x86asm/1.0.2/jnr-x86asm-1.0.2.jar:/home/jota/.m2/repository/com/github/jnr/jnr-constants/0.9.8/jnr-constants-0.9.8.jar:/home/jota/.m2/repository/com/github/jnr/jnr-enxio/0.16/jnr-enxio-0.16.jar:/home/jota/.m2/repository/com/github/jnr/jnr-posix/3.0.35/jnr-posix-3.0.35.jar:/home/jota/.m2/repository/commons-lang/commons-lang/2.6/commons-lang-2.6.jar:/home/jota/.m2/repository/org/bouncycastle/bcpkix-jdk15on/1.60/bcpkix-jdk15on-1.60.jar:/home/jota/.m2/repository/org/bouncycastle/bcprov-jdk15on/1.60/bcprov-jdk15on-1.60.jar:/home/jota/.m2/repository/com/codeborne/phantomjsdriver/1.4.4/phantomjsdriver-1.4.4.jar:/home/jota/.m2/repository/com/codeborne/selenide/5.6.0/selenide-5.6.0.jar:/home/jota/.m2/repository/com/browserup/browserup-proxy-core/2.0.1/browserup-proxy-core-2.0.1.jar:/home/jota/.m2/repository/com/browserup/browserup-proxy-mitm/2.0.1/browserup-proxy-mitm-2.0.1.jar:/home/jota/.m2/repository/javax/xml/bind/jaxb-api/2.3.1/jaxb-api-2.3.1.jar:/home/jota/.m2/repository/javax/activation/javax.activation-api/1.2.0/javax.activation-api-1.2.0.jar:/home/jota/.m2/repository/com/jcraft/jzlib/1.1.3/jzlib-1.1.3.jar:/home/jota/.m2/repository/dnsjava/dnsjava/2.1.9/dnsjava-2.1.9.jar:/home/jota/.m2/repository/io/netty/netty-all/4.1.39.Final/netty-all-4.1.39.Final.jar:/home/jota/.m2/repository/org/brotli/dec/0.1.2/dec-0.1.2.jar:/home/jota/.m2/repository/org/javassist/javassist/3.25.0-GA/javassist-3.25.0-GA.jar:/home/jota/.m2/repository/org/slf4j/jcl-over-slf4j/1.7.28/jcl-over-slf4j-1.7.28.jar:/home/jota/.m2/repository/io/netty/netty-codec/4.1.42.Final/netty-codec-4.1.42.Final.jar:/home/jota/.m2/repository/io/netty/netty-common/4.1.42.Final/netty-common-4.1.42.Final.jar:/home/jota/.m2/repository/io/netty/netty-buffer/4.1.42.Final/netty-buffer-4.1.42.Final.jar:/home/jota/.m2/repository/io/netty/netty-transport/4.1.42.Final/netty-transport-4.1.42.Final.jar:/home/jota/.m2/repository/io/netty/netty-resolver/4.1.42.Final/netty-resolver-4.1.42.Final.jar:/home/jota/.m2/repository/xyz/rogfam/littleproxy/2.0.0-beta-5/littleproxy-2.0.0-beta-5.jar:/home/jota/.m2/repository/com/barchart/udt/barchart-udt-bundle/2.3.0/barchart-udt-bundle-2.3.0.jar:/home/jota/.m2/repository/org/seleniumhq/selenium/htmlunit-driver/2.36.0/htmlunit-driver-2.36.0.jar:/home/jota/.m2/repository/net/sourceforge/htmlunit/htmlunit/2.36.0/htmlunit-2.36.0.jar:/home/jota/.m2/repository/xalan/xalan/2.7.2/xalan-2.7.2.jar:/home/jota/.m2/repository/xalan/serializer/2.7.2/serializer-2.7.2.jar:/home/jota/.m2/repository/org/apache/commons/commons-text/1.7/commons-text-1.7.jar:/home/jota/.m2/repository/org/apache/httpcomponents/httpmime/4.5.9/httpmime-4.5.9.jar:/home/jota/.m2/repository/net/sourceforge/htmlunit/htmlunit-core-js/2.36.0/htmlunit-core-js-2.36.0.jar:/home/jota/.m2/repository/net/sourceforge/htmlunit/neko-htmlunit/2.36.0/neko-htmlunit-2.36.0.jar:/home/jota/.m2/repository/xerces/xercesImpl/2.12.0/xercesImpl-2.12.0.jar:/home/jota/.m2/repository/xml-apis/xml-apis/1.4.01/xml-apis-1.4.01.jar:/home/jota/.m2/repository/net/sourceforge/htmlunit/htmlunit-cssparser/1.5.0/htmlunit-cssparser-1.5.0.jar:/home/jota/.m2/repository/commons-net/commons-net/3.6/commons-net-3.6.jar:/home/jota/.m2/repository/org/eclipse/jetty/websocket/websocket-client/9.4.20.v20190813/websocket-client-9.4.20.v20190813.jar:/home/jota/.m2/repository/org/eclipse/jetty/jetty-client/9.4.20.v20190813/jetty-client-9.4.20.v20190813.jar:/home/jota/.m2/repository/org/eclipse/jetty/jetty-http/9.4.20.v20190813/jetty-http-9.4.20.v20190813.jar:/home/jota/.m2/repository/org/eclipse/jetty/jetty-xml/9.4.20.v20190813/jetty-xml-9.4.20.v20190813.jar:/home/jota/.m2/repository/org/eclipse/jetty/jetty-util/9.4.20.v20190813/jetty-util-9.4.20.v20190813.jar:/home/jota/.m2/repository/org/eclipse/jetty/jetty-io/9.4.20.v20190813/jetty-io-9.4.20.v20190813.jar:/home/jota/.m2/repository/org/eclipse/jetty/websocket/websocket-common/9.4.20.v20190813/websocket-common-9.4.20.v20190813.jar:/home/jota/.m2/repository/org/eclipse/jetty/websocket/websocket-api/9.4.20.v20190813/websocket-api-9.4.20.v20190813.jar:/home/jota/.m2/repository/org/slf4j/slf4j-api/1.7.25/slf4j-api-1.7.25.jar:/home/jota/.m2/repository/ch/qos/logback/logback-classic/1.2.3/logback-classic-1.2.3.jar:/home/jota/.m2/repository/ch/qos/logback/logback-core/1.2.3/logback-core-1.2.3.jar:/home/jota/.m2/repository/com/squareup/retrofit2/retrofit/2.5.0/retrofit-2.5.0.jar:/home/jota/.m2/repository/com/squareup/retrofit2/adapter-rxjava/2.5.0/adapter-rxjava-2.5.0.jar:/home/jota/.m2/repository/io/reactivex/rxjava/1.3.0/rxjava-1.3.0.jar:/home/jota/.m2/repository/com/squareup/retrofit2/converter-gson/2.5.0/converter-gson-2.5.0.jar:"/>
    <property name="java.vm.vendor" value="Ubuntu"/>
    <property name="sun.arch.data.model" value="64"/>
    <property name="java.vendor.url" value="https://ubuntu.com/"/>
    <property name="user.timezone" value="Etc/UTC"/>
    <property name="java.vm.specification.version" value="11"/>
    <property name="os.name" value="Linux"/>
    <property name="sun.java.launcher" value="SUN_STANDARD"/>
    <property name="user.country" value="US"/>
    <property name="sun.boot.library.path" value="/usr/lib/jvm/java-11-openjdk-amd64/lib"/>
    <property name="sun.java.command" value="/home/jota/Documents/UA/TQS/Lab3/ex2/lab3_2/target/surefire/surefirebooter18198225652819703080.jar /home/jota/Documents/UA/TQS/Lab3/ex2/lab3_2/target/surefire 2020-02-27T16-00-29_791-jvmRun1 surefire16898860716003804496tmp surefire_0154139963310903863tmp"/>
    <property name="jdk.debug" value="release"/>
    <property name="surefire.test.class.path" value="/home/jota/Documents/UA/TQS/Lab3/ex2/lab3_2/target/test-classes:/home/jota/Documents/UA/TQS/Lab3/ex2/lab3_2/target/classes:/home/jota/.m2/repository/org/junit/jupiter/junit-jupiter-api/5.5.2/junit-jupiter-api-5.5.2.jar:/home/jota/.m2/repository/org/apiguardian/apiguardian-api/1.1.0/apiguardian-api-1.1.0.jar:/home/jota/.m2/repository/org/opentest4j/opentest4j/1.2.0/opentest4j-1.2.0.jar:/home/jota/.m2/repository/org/junit/platform/junit-platform-commons/1.5.2/junit-platform-commons-1.5.2.jar:/home/jota/.m2/repository/org/junit/jupiter/junit-jupiter-engine/5.5.2/junit-jupiter-engine-5.5.2.jar:/home/jota/.m2/repository/org/junit/platform/junit-platform-engine/1.5.2/junit-platform-engine-1.5.2.jar:/home/jota/.m2/repository/org/hamcrest/hamcrest-all/1.3/hamcrest-all-1.3.jar:/home/jota/.m2/repository/org/seleniumhq/selenium/selenium-java/3.141.59/selenium-java-3.141.59.jar:/home/jota/.m2/repository/org/seleniumhq/selenium/selenium-api/3.141.59/selenium-api-3.141.59.jar:/home/jota/.m2/repository/org/seleniumhq/selenium/selenium-chrome-driver/3.141.59/selenium-chrome-driver-3.141.59.jar:/home/jota/.m2/repository/org/seleniumhq/selenium/selenium-edge-driver/3.141.59/selenium-edge-driver-3.141.59.jar:/home/jota/.m2/repository/org/seleniumhq/selenium/selenium-firefox-driver/3.141.59/selenium-firefox-driver-3.141.59.jar:/home/jota/.m2/repository/org/seleniumhq/selenium/selenium-ie-driver/3.141.59/selenium-ie-driver-3.141.59.jar:/home/jota/.m2/repository/org/seleniumhq/selenium/selenium-opera-driver/3.141.59/selenium-opera-driver-3.141.59.jar:/home/jota/.m2/repository/org/seleniumhq/selenium/selenium-remote-driver/3.141.59/selenium-remote-driver-3.141.59.jar:/home/jota/.m2/repository/org/seleniumhq/selenium/selenium-safari-driver/3.141.59/selenium-safari-driver-3.141.59.jar:/home/jota/.m2/repository/org/seleniumhq/selenium/selenium-support/3.141.59/selenium-support-3.141.59.jar:/home/jota/.m2/repository/net/bytebuddy/byte-buddy/1.8.15/byte-buddy-1.8.15.jar:/home/jota/.m2/repository/org/apache/commons/commons-exec/1.3/commons-exec-1.3.jar:/home/jota/.m2/repository/com/google/guava/guava/25.0-jre/guava-25.0-jre.jar:/home/jota/.m2/repository/com/google/code/findbugs/jsr305/1.3.9/jsr305-1.3.9.jar:/home/jota/.m2/repository/org/checkerframework/checker-compat-qual/2.0.0/checker-compat-qual-2.0.0.jar:/home/jota/.m2/repository/com/google/errorprone/error_prone_annotations/2.1.3/error_prone_annotations-2.1.3.jar:/home/jota/.m2/repository/com/google/j2objc/j2objc-annotations/1.1/j2objc-annotations-1.1.jar:/home/jota/.m2/repository/org/codehaus/mojo/animal-sniffer-annotations/1.14/animal-sniffer-annotations-1.14.jar:/home/jota/.m2/repository/com/squareup/okhttp3/okhttp/3.11.0/okhttp-3.11.0.jar:/home/jota/.m2/repository/com/squareup/okio/okio/1.14.0/okio-1.14.0.jar:/home/jota/.m2/repository/io/github/bonigarcia/selenium-jupiter/3.3.4/selenium-jupiter-3.3.4.jar:/home/jota/.m2/repository/io/github/bonigarcia/webdrivermanager/3.8.1/webdrivermanager-3.8.1.jar:/home/jota/.m2/repository/commons-io/commons-io/2.6/commons-io-2.6.jar:/home/jota/.m2/repository/com/google/code/gson/gson/2.8.5/gson-2.8.5.jar:/home/jota/.m2/repository/org/apache/commons/commons-lang3/3.8.1/commons-lang3-3.8.1.jar:/home/jota/.m2/repository/org/apache/httpcomponents/httpclient/4.5.6/httpclient-4.5.6.jar:/home/jota/.m2/repository/commons-logging/commons-logging/1.2/commons-logging-1.2.jar:/home/jota/.m2/repository/commons-codec/commons-codec/1.10/commons-codec-1.10.jar:/home/jota/.m2/repository/org/rauschig/jarchivelib/1.0.0/jarchivelib-1.0.0.jar:/home/jota/.m2/repository/org/jsoup/jsoup/1.11.3/jsoup-1.11.3.jar:/home/jota/.m2/repository/io/appium/java-client/7.0.0/java-client-7.0.0.jar:/home/jota/.m2/repository/cglib/cglib/3.2.8/cglib-3.2.8.jar:/home/jota/.m2/repository/org/ow2/asm/asm/6.2.1/asm-6.2.1.jar:/home/jota/.m2/repository/org/apache/ant/ant/1.10.3/ant-1.10.3.jar:/home/jota/.m2/repository/org/apache/ant/ant-launcher/1.10.3/ant-launcher-1.10.3.jar:/home/jota/.m2/repository/commons-validator/commons-validator/1.6/commons-validator-1.6.jar:/home/jota/.m2/repository/commons-beanutils/commons-beanutils/1.9.2/commons-beanutils-1.9.2.jar:/home/jota/.m2/repository/commons-digester/commons-digester/1.8.1/commons-digester-1.8.1.jar:/home/jota/.m2/repository/commons-collections/commons-collections/3.2.2/commons-collections-3.2.2.jar:/home/jota/.m2/repository/org/springframework/spring-context/5.1.0.RELEASE/spring-context-5.1.0.RELEASE.jar:/home/jota/.m2/repository/org/springframework/spring-aop/5.1.0.RELEASE/spring-aop-5.1.0.RELEASE.jar:/home/jota/.m2/repository/org/springframework/spring-beans/5.1.0.RELEASE/spring-beans-5.1.0.RELEASE.jar:/home/jota/.m2/repository/org/springframework/spring-core/5.1.0.RELEASE/spring-core-5.1.0.RELEASE.jar:/home/jota/.m2/repository/org/springframework/spring-jcl/5.1.0.RELEASE/spring-jcl-5.1.0.RELEASE.jar:/home/jota/.m2/repository/org/springframework/spring-expression/5.1.0.RELEASE/spring-expression-5.1.0.RELEASE.jar:/home/jota/.m2/repository/org/aspectj/aspectjweaver/1.9.1/aspectjweaver-1.9.1.jar:/home/jota/.m2/repository/com/spotify/docker-client/8.16.0/docker-client-8.16.0.jar:/home/jota/.m2/repository/com/fasterxml/jackson/jaxrs/jackson-jaxrs-json-provider/2.9.8/jackson-jaxrs-json-provider-2.9.8.jar:/home/jota/.m2/repository/com/fasterxml/jackson/jaxrs/jackson-jaxrs-base/2.9.8/jackson-jaxrs-base-2.9.8.jar:/home/jota/.m2/repository/com/fasterxml/jackson/module/jackson-module-jaxb-annotations/2.9.8/jackson-module-jaxb-annotations-2.9.8.jar:/home/jota/.m2/repository/com/fasterxml/jackson/datatype/jackson-datatype-guava/2.9.8/jackson-datatype-guava-2.9.8.jar:/home/jota/.m2/repository/com/fasterxml/jackson/core/jackson-core/2.9.8/jackson-core-2.9.8.jar:/home/jota/.m2/repository/com/fasterxml/jackson/core/jackson-databind/2.9.8/jackson-databind-2.9.8.jar:/home/jota/.m2/repository/com/fasterxml/jackson/core/jackson-annotations/2.9.0/jackson-annotations-2.9.0.jar:/home/jota/.m2/repository/org/glassfish/jersey/core/jersey-client/2.22.2/jersey-client-2.22.2.jar:/home/jota/.m2/repository/javax/ws/rs/javax.ws.rs-api/2.0.1/javax.ws.rs-api-2.0.1.jar:/home/jota/.m2/repository/org/glassfish/jersey/core/jersey-common/2.22.2/jersey-common-2.22.2.jar:/home/jota/.m2/repository/javax/annotation/javax.annotation-api/1.2/javax.annotation-api-1.2.jar:/home/jota/.m2/repository/org/glassfish/jersey/bundles/repackaged/jersey-guava/2.22.2/jersey-guava-2.22.2.jar:/home/jota/.m2/repository/org/glassfish/hk2/osgi-resource-locator/1.0.1/osgi-resource-locator-1.0.1.jar:/home/jota/.m2/repository/org/glassfish/hk2/hk2-api/2.4.0-b34/hk2-api-2.4.0-b34.jar:/home/jota/.m2/repository/org/glassfish/hk2/hk2-utils/2.4.0-b34/hk2-utils-2.4.0-b34.jar:/home/jota/.m2/repository/org/glassfish/hk2/external/aopalliance-repackaged/2.4.0-b34/aopalliance-repackaged-2.4.0-b34.jar:/home/jota/.m2/repository/org/glassfish/hk2/external/javax.inject/2.4.0-b34/javax.inject-2.4.0-b34.jar:/home/jota/.m2/repository/org/glassfish/hk2/hk2-locator/2.4.0-b34/hk2-locator-2.4.0-b34.jar:/home/jota/.m2/repository/org/glassfish/jersey/connectors/jersey-apache-connector/2.22.2/jersey-apache-connector-2.22.2.jar:/home/jota/.m2/repository/org/glassfish/jersey/media/jersey-media-json-jackson/2.22.2/jersey-media-json-jackson-2.22.2.jar:/home/jota/.m2/repository/org/glassfish/jersey/ext/jersey-entity-filtering/2.22.2/jersey-entity-filtering-2.22.2.jar:/home/jota/.m2/repository/javax/activation/activation/1.1/activation-1.1.jar:/home/jota/.m2/repository/org/apache/commons/commons-compress/1.18/commons-compress-1.18.jar:/home/jota/.m2/repository/org/apache/httpcomponents/httpcore/4.4.5/httpcore-4.4.5.jar:/home/jota/.m2/repository/com/github/jnr/jnr-unixsocket/0.18/jnr-unixsocket-0.18.jar:/home/jota/.m2/repository/com/github/jnr/jnr-ffi/2.1.4/jnr-ffi-2.1.4.jar:/home/jota/.m2/repository/com/github/jnr/jffi/1.2.15/jffi-1.2.15.jar:/home/jota/.m2/repository/com/github/jnr/jffi/1.2.15/jffi-1.2.15-native.jar:/home/jota/.m2/repository/org/ow2/asm/asm-commons/5.0.3/asm-commons-5.0.3.jar:/home/jota/.m2/repository/org/ow2/asm/asm-analysis/5.0.3/asm-analysis-5.0.3.jar:/home/jota/.m2/repository/org/ow2/asm/asm-tree/5.0.3/asm-tree-5.0.3.jar:/home/jota/.m2/repository/org/ow2/asm/asm-util/5.0.3/asm-util-5.0.3.jar:/home/jota/.m2/repository/com/github/jnr/jnr-x86asm/1.0.2/jnr-x86asm-1.0.2.jar:/home/jota/.m2/repository/com/github/jnr/jnr-constants/0.9.8/jnr-constants-0.9.8.jar:/home/jota/.m2/repository/com/github/jnr/jnr-enxio/0.16/jnr-enxio-0.16.jar:/home/jota/.m2/repository/com/github/jnr/jnr-posix/3.0.35/jnr-posix-3.0.35.jar:/home/jota/.m2/repository/commons-lang/commons-lang/2.6/commons-lang-2.6.jar:/home/jota/.m2/repository/org/bouncycastle/bcpkix-jdk15on/1.60/bcpkix-jdk15on-1.60.jar:/home/jota/.m2/repository/org/bouncycastle/bcprov-jdk15on/1.60/bcprov-jdk15on-1.60.jar:/home/jota/.m2/repository/com/codeborne/phantomjsdriver/1.4.4/phantomjsdriver-1.4.4.jar:/home/jota/.m2/repository/com/codeborne/selenide/5.6.0/selenide-5.6.0.jar:/home/jota/.m2/repository/com/browserup/browserup-proxy-core/2.0.1/browserup-proxy-core-2.0.1.jar:/home/jota/.m2/repository/com/browserup/browserup-proxy-mitm/2.0.1/browserup-proxy-mitm-2.0.1.jar:/home/jota/.m2/repository/javax/xml/bind/jaxb-api/2.3.1/jaxb-api-2.3.1.jar:/home/jota/.m2/repository/javax/activation/javax.activation-api/1.2.0/javax.activation-api-1.2.0.jar:/home/jota/.m2/repository/com/jcraft/jzlib/1.1.3/jzlib-1.1.3.jar:/home/jota/.m2/repository/dnsjava/dnsjava/2.1.9/dnsjava-2.1.9.jar:/home/jota/.m2/repository/io/netty/netty-all/4.1.39.Final/netty-all-4.1.39.Final.jar:/home/jota/.m2/repository/org/brotli/dec/0.1.2/dec-0.1.2.jar:/home/jota/.m2/repository/org/javassist/javassist/3.25.0-GA/javassist-3.25.0-GA.jar:/home/jota/.m2/repository/org/slf4j/jcl-over-slf4j/1.7.28/jcl-over-slf4j-1.7.28.jar:/home/jota/.m2/repository/io/netty/netty-codec/4.1.42.Final/netty-codec-4.1.42.Final.jar:/home/jota/.m2/repository/io/netty/netty-common/4.1.42.Final/netty-common-4.1.42.Final.jar:/home/jota/.m2/repository/io/netty/netty-buffer/4.1.42.Final/netty-buffer-4.1.42.Final.jar:/home/jota/.m2/repository/io/netty/netty-transport/4.1.42.Final/netty-transport-4.1.42.Final.jar:/home/jota/.m2/repository/io/netty/netty-resolver/4.1.42.Final/netty-resolver-4.1.42.Final.jar:/home/jota/.m2/repository/xyz/rogfam/littleproxy/2.0.0-beta-5/littleproxy-2.0.0-beta-5.jar:/home/jota/.m2/repository/com/barchart/udt/barchart-udt-bundle/2.3.0/barchart-udt-bundle-2.3.0.jar:/home/jota/.m2/repository/org/seleniumhq/selenium/htmlunit-driver/2.36.0/htmlunit-driver-2.36.0.jar:/home/jota/.m2/repository/net/sourceforge/htmlunit/htmlunit/2.36.0/htmlunit-2.36.0.jar:/home/jota/.m2/repository/xalan/xalan/2.7.2/xalan-2.7.2.jar:/home/jota/.m2/repository/xalan/serializer/2.7.2/serializer-2.7.2.jar:/home/jota/.m2/repository/org/apache/commons/commons-text/1.7/commons-text-1.7.jar:/home/jota/.m2/repository/org/apache/httpcomponents/httpmime/4.5.9/httpmime-4.5.9.jar:/home/jota/.m2/repository/net/sourceforge/htmlunit/htmlunit-core-js/2.36.0/htmlunit-core-js-2.36.0.jar:/home/jota/.m2/repository/net/sourceforge/htmlunit/neko-htmlunit/2.36.0/neko-htmlunit-2.36.0.jar:/home/jota/.m2/repository/xerces/xercesImpl/2.12.0/xercesImpl-2.12.0.jar:/home/jota/.m2/repository/xml-apis/xml-apis/1.4.01/xml-apis-1.4.01.jar:/home/jota/.m2/repository/net/sourceforge/htmlunit/htmlunit-cssparser/1.5.0/htmlunit-cssparser-1.5.0.jar:/home/jota/.m2/repository/commons-net/commons-net/3.6/commons-net-3.6.jar:/home/jota/.m2/repository/org/eclipse/jetty/websocket/websocket-client/9.4.20.v20190813/websocket-client-9.4.20.v20190813.jar:/home/jota/.m2/repository/org/eclipse/jetty/jetty-client/9.4.20.v20190813/jetty-client-9.4.20.v20190813.jar:/home/jota/.m2/repository/org/eclipse/jetty/jetty-http/9.4.20.v20190813/jetty-http-9.4.20.v20190813.jar:/home/jota/.m2/repository/org/eclipse/jetty/jetty-xml/9.4.20.v20190813/jetty-xml-9.4.20.v20190813.jar:/home/jota/.m2/repository/org/eclipse/jetty/jetty-util/9.4.20.v20190813/jetty-util-9.4.20.v20190813.jar:/home/jota/.m2/repository/org/eclipse/jetty/jetty-io/9.4.20.v20190813/jetty-io-9.4.20.v20190813.jar:/home/jota/.m2/repository/org/eclipse/jetty/websocket/websocket-common/9.4.20.v20190813/websocket-common-9.4.20.v20190813.jar:/home/jota/.m2/repository/org/eclipse/jetty/websocket/websocket-api/9.4.20.v20190813/websocket-api-9.4.20.v20190813.jar:/home/jota/.m2/repository/org/slf4j/slf4j-api/1.7.25/slf4j-api-1.7.25.jar:/home/jota/.m2/repository/ch/qos/logback/logback-classic/1.2.3/logback-classic-1.2.3.jar:/home/jota/.m2/repository/ch/qos/logback/logback-core/1.2.3/logback-core-1.2.3.jar:/home/jota/.m2/repository/com/squareup/retrofit2/retrofit/2.5.0/retrofit-2.5.0.jar:/home/jota/.m2/repository/com/squareup/retrofit2/adapter-rxjava/2.5.0/adapter-rxjava-2.5.0.jar:/home/jota/.m2/repository/io/reactivex/rxjava/1.3.0/rxjava-1.3.0.jar:/home/jota/.m2/repository/com/squareup/retrofit2/converter-gson/2.5.0/converter-gson-2.5.0.jar:"/>
    <property name="sun.cpu.endian" value="little"/>
    <property name="user.home" value="/home/jota"/>
    <property name="user.language" value="en"/>
    <property name="java.specification.vendor" value="Oracle Corporation"/>
    <property name="java.version.date" value="2020-01-14"/>
    <property name="java.home" value="/usr/lib/jvm/java-11-openjdk-amd64"/>
    <property name="file.separator" value="/"/>
    <property name="basedir" value="/home/jota/Documents/UA/TQS/Lab3/ex2/lab3_2"/>
    <property name="java.vm.compressedOopsMode" value="32-bit"/>
    <property name="line.separator" value="&#10;"/>
    <property name="java.specification.name" value="Java Platform API Specification"/>
    <property name="java.vm.specification.vendor" value="Oracle Corporation"/>
    <property name="java.awt.graphicsenv" value="sun.awt.X11GraphicsEnvironment"/>
    <property name="surefire.real.class.path" value="/home/jota/Documents/UA/TQS/Lab3/ex2/lab3_2/target/surefire/surefirebooter18198225652819703080.jar"/>
    <property name="sun.management.compiler" value="HotSpot 64-Bit Tiered Compilers"/>
    <property name="java.runtime.version" value="11.0.6+10-post-Ubuntu-1ubuntu118.04.1"/>
    <property name="user.name" value="jota"/>
    <property name="path.separator" value=":"/>
    <property name="os.version" value="4.15.0-88-generic"/>
    <property name="java.runtime.name" value="OpenJDK Runtime Environment"/>
    <property name="file.encoding" value="UTF-8"/>
    <property name="java.vm.name" value="OpenJDK 64-Bit Server VM"/>
    <property name="localRepository" value="/home/jota/.m2/repository"/>
    <property name="java.vendor.url.bug" value="https://bugs.launchpad.net/ubuntu/+source/openjdk-lts"/>
    <property name="java.io.tmpdir" value="/tmp"/>
    <property name="java.version" value="11.0.6"/>
    <property name="user.dir" value="/home/jota/Documents/UA/TQS/Lab3/ex2/lab3_2"/>
    <property name="os.arch" value="amd64"/>
    <property name="java.vm.specification.name" value="Java Virtual Machine Specification"/>
    <property name="java.awt.printerjob" value="sun.print.PSPrinterJob"/>
    <property name="sun.os.patch.level" value="unknown"/>
    <property name="java.library.path" value="/usr/java/packages/lib:/usr/lib/x86_64-linux-gnu/jni:/lib/x86_64-linux-gnu:/usr/lib/x86_64-linux-gnu:/usr/lib/jni:/lib:/usr/lib"/>
    <property name="java.vendor" value="Ubuntu"/>
    <property name="java.vm.info" value="mixed mode, sharing"/>
    <property name="java.vm.version" value="11.0.6+10-post-Ubuntu-1ubuntu118.04.1"/>
    <property name="sun.io.unicode.encoding" value="UnicodeLittle"/>
    <property name="java.class.version" value="55.0"/>
  </properties>
  <testcase name="testlogin(RemoteWebDriver)" classname="pt.ua.jm.tqs.TestloginTest" time="8.66">
    <error type="org.openqa.selenium.NoSuchElementException"><![CDATA[org.openqa.selenium.NoSuchElementException: 
no such element: Unable to locate element: {"method":"link text","selector":"Sign out"}
  (Session info: chrome=80.0.3987.87)
For documentation on this error, please visit: https://www.seleniumhq.org/exceptions/no_such_element.html
Build info: version: '3.141.59', revision: 'e82be7d358', time: '2018-11-14T08:17:03'
System info: host: 'jotaserver', ip: '127.0.1.1', os.name: 'Linux', os.arch: 'amd64', os.version: '4.15.0-88-generic', java.version: '11.0.6'
Driver info: org.openqa.selenium.remote.RemoteWebDriver
Capabilities {acceptInsecureCerts: false, browserName: chrome, browserVersion: 80.0.3987.87, chrome: {chromedriverVersion: 80.0.3987.16 (320f6526c1632..., userDataDir: /tmp/.com.google.Chrome.Y50Wcn}, goog:chromeOptions: {debuggerAddress: localhost:42259}, javascriptEnabled: true, networkConnectionEnabled: false, pageLoadStrategy: normal, platform: LINUX, platformName: LINUX, proxy: Proxy(), setWindowRect: true, strictFileInteractability: false, timeouts: {implicit: 0, pageLoad: 300000, script: 30000}, unhandledPromptBehavior: dismiss and notify}
Session ID: d126204fd94c5f3a2eda4870d50f7199
*** Element info: {Using=link text, value=Sign out}
	at pt.ua.jm.tqs.TestloginTest.testlogin(TestloginTest.java:64)
]]></error>
    <system-out><![CDATA[16:00:47.931 [main] DEBUG com.spotify.docker.client.DockerCertificates - /home/jota/.docker/ca.pem, /home/jota/.docker/key.pem or /home/jota/.docker/cert.pem does not exist, not using SSL
16:00:47.931 [main] DEBUG com.spotify.docker.client.DockerConfigReader - Using configfile: /home/jota/.docker/config.json
16:00:47.942 [main] INFO io.github.bonigarcia.seljup.handler.DockerDriverHandler - Using CHROME version 80.0 (latest)
16:00:47.982 [main] INFO io.github.bonigarcia.seljup.DockerService - Starting Docker container aerokube/selenoid:1.9.3
16:00:47.982 [main] DEBUG com.spotify.docker.client.DefaultDockerClient - Creating container with ContainerConfig: ContainerConfig{hostname=null, domainname=null, user=null, attachStdin=null, attachStdout=null, attachStderr=null, portSpecs=null, exposedPorts=[4444], tty=null, openStdin=null, stdinOnce=null, env=[DOCKER_API_VERSION=1.35, TZ=Europe/Madrid, LANG=en], cmd=[sh, -c, mkdir -p /etc/selenoid/; echo '{"chrome":{"default":"80.0","versions":{"80.0":{"image":"selenoid/vnc:chrome_80.0","port":"4444","path":"/","tmpfs":{"/tmp":"size=128m"},"env":["DOCKER_API_VERSION=1.35","TZ=Europe/Madrid","LANG=en"],"volumes":[]}}}}' > /etc/selenoid/browsers.json; /usr/bin/selenoid -listen :4444 -service-startup-timeout 3m -conf /etc/selenoid/browsers.json -video-output-dir /opt/selenoid/video/ -timeout 1m0s -container-network bridge -limit 2], image=aerokube/selenoid:1.9.3, volumes=[], workingDir=null, entrypoint=[], networkDisabled=null, onBuild=null, labels=null, macAddress=null, hostConfig=HostConfig{binds=[/var/run/docker.sock:/var/run/docker.sock], blkioWeight=null, blkioWeightDevice=null, blkioDeviceReadBps=null, blkioDeviceWriteBps=null, blkioDeviceReadIOps=null, blkioDeviceWriteIOps=null, containerIdFile=null, lxcConf=null, privileged=null, portBindings={4444=[PortBinding{hostIp=0.0.0.0, hostPort=}]}, links=null, publishAllPorts=null, dns=null, dnsOptions=null, dnsSearch=null, extraHosts=null, groupAdd=null, volumesFrom=null, capAdd=null, capDrop=null, networkMode=bridge, securityOpt=null, devices=null, memory=null, memorySwap=null, kernelMemory=null, memorySwappiness=null, memoryReservation=null, nanoCpus=null, cpuPeriod=null, cpuShares=null, cpusetCpus=null, cpusetMems=null, cpuQuota=null, cgroupParent=null, restartPolicy=null, logConfig=null, ipcMode=null, ulimits=null, pidMode=null, shmSize=null, oomKillDisable=null, oomScoreAdj=null, autoRemove=null, pidsLimit=null, tmpfs=null, readonlyRootfs=null, storageOpt=null, runtime=null}, stopSignal=null, healthcheck=null, networkingConfig=null}
16:00:48.046 [jersey-client-async-executor-0] DEBUG org.apache.http.client.protocol.RequestAddCookies - CookieSpec selected: default
16:00:48.047 [jersey-client-async-executor-0] DEBUG org.apache.http.client.protocol.RequestAuthCache - Auth cache not set in the context
16:00:48.047 [jersey-client-async-executor-0] DEBUG org.apache.http.impl.conn.PoolingHttpClientConnectionManager - Connection request: [route: {}->unix://localhost:80][total kept alive: 0; route allocated: 0 of 100; total allocated: 0 of 100]
16:00:48.047 [jersey-client-async-executor-0] DEBUG org.apache.http.impl.conn.PoolingHttpClientConnectionManager - Connection leased: [id: 8][route: {}->unix://localhost:80][total kept alive: 0; route allocated: 1 of 100; total allocated: 1 of 100]
16:00:48.048 [jersey-client-async-executor-0] DEBUG org.apache.http.impl.execchain.MainClientExec - Opening connection {}->unix://localhost:80
16:00:48.048 [jersey-client-async-executor-0] DEBUG org.apache.http.impl.conn.DefaultHttpClientConnectionOperator - Connecting to localhost/127.0.0.1:80
16:00:48.049 [jersey-client-async-executor-0] DEBUG org.apache.http.impl.conn.DefaultHttpClientConnectionOperator - Connection established [family=PF_UNIX path=]<->[family=PF_UNIX path=/var/run/docker.sock]
16:00:48.049 [jersey-client-async-executor-0] DEBUG org.apache.http.impl.conn.DefaultManagedHttpClientConnection - http-outgoing-8: set socket timeout to 30000
16:00:48.049 [jersey-client-async-executor-0] DEBUG org.apache.http.impl.execchain.MainClientExec - Executing request POST /containers/create HTTP/1.1
16:00:48.049 [jersey-client-async-executor-0] DEBUG org.apache.http.impl.execchain.MainClientExec - Target auth state: UNCHALLENGED
16:00:48.050 [jersey-client-async-executor-0] DEBUG org.apache.http.impl.execchain.MainClientExec - Proxy auth state: UNCHALLENGED
16:00:48.050 [jersey-client-async-executor-0] DEBUG org.apache.http.headers - http-outgoing-8 >> POST /containers/create HTTP/1.1
16:00:48.050 [jersey-client-async-executor-0] DEBUG org.apache.http.headers - http-outgoing-8 >> Accept: application/json
16:00:48.050 [jersey-client-async-executor-0] DEBUG org.apache.http.headers - http-outgoing-8 >> Content-Type: application/json
16:00:48.050 [jersey-client-async-executor-0] DEBUG org.apache.http.headers - http-outgoing-8 >> User-Agent: Jersey/2.22.2 (Apache HttpClient 4.5.6)
16:00:48.050 [jersey-client-async-executor-0] DEBUG org.apache.http.headers - http-outgoing-8 >> Transfer-Encoding: chunked
16:00:48.051 [jersey-client-async-executor-0] DEBUG org.apache.http.headers - http-outgoing-8 >> Host: localhost:80
16:00:48.052 [jersey-client-async-executor-0] DEBUG org.apache.http.headers - http-outgoing-8 >> Connection: Keep-Alive
16:00:48.052 [jersey-client-async-executor-0] DEBUG org.apache.http.headers - http-outgoing-8 >> Accept-Encoding: gzip,deflate
16:00:48.053 [jersey-client-async-executor-0] DEBUG org.apache.http.wire - http-outgoing-8 >> "POST /containers/create HTTP/1.1[\r][\n]"
16:00:48.054 [jersey-client-async-executor-0] DEBUG org.apache.http.wire - http-outgoing-8 >> "Accept: application/json[\r][\n]"
16:00:48.054 [jersey-client-async-executor-0] DEBUG org.apache.http.wire - http-outgoing-8 >> "Content-Type: application/json[\r][\n]"
16:00:48.055 [jersey-client-async-executor-0] DEBUG org.apache.http.wire - http-outgoing-8 >> "User-Agent: Jersey/2.22.2 (Apache HttpClient 4.5.6)[\r][\n]"
16:00:48.055 [jersey-client-async-executor-0] DEBUG org.apache.http.wire - http-outgoing-8 >> "Transfer-Encoding: chunked[\r][\n]"
16:00:48.055 [jersey-client-async-executor-0] DEBUG org.apache.http.wire - http-outgoing-8 >> "Host: localhost:80[\r][\n]"
16:00:48.055 [jersey-client-async-executor-0] DEBUG org.apache.http.wire - http-outgoing-8 >> "Connection: Keep-Alive[\r][\n]"
16:00:48.055 [jersey-client-async-executor-0] DEBUG org.apache.http.wire - http-outgoing-8 >> "Accept-Encoding: gzip,deflate[\r][\n]"
16:00:48.055 [jersey-client-async-executor-0] DEBUG org.apache.http.wire - http-outgoing-8 >> "[\r][\n]"
16:00:48.056 [jersey-client-async-executor-0] DEBUG org.apache.http.wire - http-outgoing-8 >> "1b[\r][\n]"
16:00:48.056 [jersey-client-async-executor-0] DEBUG org.apache.http.wire - http-outgoing-8 >> "{"ExposedPorts":{"4444":{}}[\r][\n]"
16:00:48.056 [jersey-client-async-executor-0] DEBUG org.apache.http.wire - http-outgoing-8 >> "276[\r][\n]"
16:00:48.056 [jersey-client-async-executor-0] DEBUG org.apache.http.wire - http-outgoing-8 >> ","Env":["DOCKER_API_VERSION=1.35","TZ=Europe/Madrid","LANG=en"],"Cmd":["sh","-c","mkdir -p /etc/selenoid/; echo '{\"chrome\":{\"default\":\"80.0\",\"versions\":{\"80.0\":{\"image\":\"selenoid/vnc:chrome_80.0\",\"port\":\"4444\",\"path\":\"/\",\"tmpfs\":{\"/tmp\":\"size=128m\"},\"env\":[\"DOCKER_API_VERSION=1.35\",\"TZ=Europe/Madrid\",\"LANG=en\"],\"volumes\":[]}}}}' > /etc/selenoid/browsers.json; /usr/bin/selenoid -listen :4444 -service-startup-timeout 3m -conf /etc/selenoid/browsers.json -video-output-dir /opt/selenoid/video/ -timeout 1m0s -container-network bridge -limit 2"],"Image":"aerokube/selenoid:1.9.3","Volumes":{}[\r][\n]"
16:00:48.057 [jersey-client-async-executor-0] DEBUG org.apache.http.wire - http-outgoing-8 >> "ac[\r][\n]"
16:00:48.057 [jersey-client-async-executor-0] DEBUG org.apache.http.wire - http-outgoing-8 >> ","Entrypoint":[""],"HostConfig":{"Binds":["/var/run/docker.sock:/var/run/docker.sock"],"PortBindings":{"4444":[{"HostIp":"0.0.0.0","HostPort":""}]},"NetworkMode":"bridge"}}[\r][\n]"
16:00:48.057 [jersey-client-async-executor-0] DEBUG org.apache.http.wire - http-outgoing-8 >> "0[\r][\n]"
16:00:48.058 [jersey-client-async-executor-0] DEBUG org.apache.http.wire - http-outgoing-8 >> "[\r][\n]"
16:00:48.780 [jersey-client-async-executor-0] DEBUG org.apache.http.wire - http-outgoing-8 << "HTTP/1.1 201 Created[\r][\n]"
16:00:48.780 [jersey-client-async-executor-0] DEBUG org.apache.http.wire - http-outgoing-8 << "Api-Version: 1.40[\r][\n]"
16:00:48.780 [jersey-client-async-executor-0] DEBUG org.apache.http.wire - http-outgoing-8 << "Content-Type: application/json[\r][\n]"
16:00:48.780 [jersey-client-async-executor-0] DEBUG org.apache.http.wire - http-outgoing-8 << "Docker-Experimental: false[\r][\n]"
16:00:48.780 [jersey-client-async-executor-0] DEBUG org.apache.http.wire - http-outgoing-8 << "Ostype: linux[\r][\n]"
16:00:48.780 [jersey-client-async-executor-0] DEBUG org.apache.http.wire - http-outgoing-8 << "Server: Docker/19.03.6 (linux)[\r][\n]"
16:00:48.781 [jersey-client-async-executor-0] DEBUG org.apache.http.wire - http-outgoing-8 << "Date: Thu, 27 Feb 2020 16:00:48 GMT[\r][\n]"
16:00:48.781 [jersey-client-async-executor-0] DEBUG org.apache.http.wire - http-outgoing-8 << "Content-Length: 88[\r][\n]"
16:00:48.781 [jersey-client-async-executor-0] DEBUG org.apache.http.wire - http-outgoing-8 << "[\r][\n]"
16:00:48.781 [jersey-client-async-executor-0] DEBUG org.apache.http.wire - http-outgoing-8 << "{"Id":"bd7595f46ac0669637240013cff795a39f157191cdd14cda715383e62ddc2cc0","Warnings":[]}[\n]"
16:00:48.781 [jersey-client-async-executor-0] DEBUG org.apache.http.headers - http-outgoing-8 << HTTP/1.1 201 Created
16:00:48.781 [jersey-client-async-executor-0] DEBUG org.apache.http.headers - http-outgoing-8 << Api-Version: 1.40
16:00:48.781 [jersey-client-async-executor-0] DEBUG org.apache.http.headers - http-outgoing-8 << Content-Type: application/json
16:00:48.781 [jersey-client-async-executor-0] DEBUG org.apache.http.headers - http-outgoing-8 << Docker-Experimental: false
16:00:48.781 [jersey-client-async-executor-0] DEBUG org.apache.http.headers - http-outgoing-8 << Ostype: linux
16:00:48.781 [jersey-client-async-executor-0] DEBUG org.apache.http.headers - http-outgoing-8 << Server: Docker/19.03.6 (linux)
16:00:48.781 [jersey-client-async-executor-0] DEBUG org.apache.http.headers - http-outgoing-8 << Date: Thu, 27 Feb 2020 16:00:48 GMT
16:00:48.781 [jersey-client-async-executor-0] DEBUG org.apache.http.headers - http-outgoing-8 << Content-Length: 88
16:00:48.782 [jersey-client-async-executor-0] DEBUG org.apache.http.impl.execchain.MainClientExec - Connection can be kept alive indefinitely
16:00:48.783 [jersey-client-async-executor-0] DEBUG org.apache.http.impl.conn.DefaultManagedHttpClientConnection - http-outgoing-8: Close connection
16:00:48.783 [jersey-client-async-executor-0] DEBUG org.apache.http.impl.execchain.MainClientExec - Connection discarded
16:00:48.783 [jersey-client-async-executor-0] DEBUG org.apache.http.impl.conn.PoolingHttpClientConnectionManager - Connection released: [id: 8][route: {}->unix://localhost:80][total kept alive: 0; route allocated: 0 of 100; total allocated: 0 of 100]
16:00:48.783 [main] INFO com.spotify.docker.client.DefaultDockerClient - Starting container with Id: bd7595f46ac0669637240013cff795a39f157191cdd14cda715383e62ddc2cc0
16:00:48.786 [jersey-client-async-executor-1] DEBUG org.apache.http.client.protocol.RequestAddCookies - CookieSpec selected: default
16:00:48.786 [jersey-client-async-executor-1] DEBUG org.apache.http.client.protocol.RequestAuthCache - Auth cache not set in the context
16:00:48.786 [jersey-client-async-executor-1] DEBUG org.apache.http.impl.conn.PoolingHttpClientConnectionManager - Connection request: [route: {}->unix://localhost:80][total kept alive: 0; route allocated: 0 of 100; total allocated: 0 of 100]
16:00:48.786 [jersey-client-async-executor-1] DEBUG org.apache.http.impl.conn.PoolingHttpClientConnectionManager - Connection leased: [id: 9][route: {}->unix://localhost:80][total kept alive: 0; route allocated: 1 of 100; total allocated: 1 of 100]
16:00:48.786 [jersey-client-async-executor-1] DEBUG org.apache.http.impl.execchain.MainClientExec - Opening connection {}->unix://localhost:80
16:00:48.786 [jersey-client-async-executor-1] DEBUG org.apache.http.impl.conn.DefaultHttpClientConnectionOperator - Connecting to localhost/127.0.0.1:80
16:00:48.787 [jersey-client-async-executor-1] DEBUG org.apache.http.impl.conn.DefaultHttpClientConnectionOperator - Connection established [family=PF_UNIX path=]<->[family=PF_UNIX path=/var/run/docker.sock]
16:00:48.787 [jersey-client-async-executor-1] DEBUG org.apache.http.impl.conn.DefaultManagedHttpClientConnection - http-outgoing-9: set socket timeout to 30000
16:00:48.787 [jersey-client-async-executor-1] DEBUG org.apache.http.impl.execchain.MainClientExec - Executing request POST /containers/bd7595f46ac0669637240013cff795a39f157191cdd14cda715383e62ddc2cc0/start HTTP/1.1
16:00:48.787 [jersey-client-async-executor-1] DEBUG org.apache.http.impl.execchain.MainClientExec - Target auth state: UNCHALLENGED
16:00:48.787 [jersey-client-async-executor-1] DEBUG org.apache.http.impl.execchain.MainClientExec - Proxy auth state: UNCHALLENGED
16:00:48.788 [jersey-client-async-executor-1] DEBUG org.apache.http.headers - http-outgoing-9 >> POST /containers/bd7595f46ac0669637240013cff795a39f157191cdd14cda715383e62ddc2cc0/start HTTP/1.1
16:00:48.788 [jersey-client-async-executor-1] DEBUG org.apache.http.headers - http-outgoing-9 >> User-Agent: Jersey/2.22.2 (Apache HttpClient 4.5.6)
16:00:48.788 [jersey-client-async-executor-1] DEBUG org.apache.http.headers - http-outgoing-9 >> Host: localhost:80
16:00:48.788 [jersey-client-async-executor-1] DEBUG org.apache.http.headers - http-outgoing-9 >> Connection: Keep-Alive
16:00:48.788 [jersey-client-async-executor-1] DEBUG org.apache.http.headers - http-outgoing-9 >> Accept-Encoding: gzip,deflate
16:00:48.788 [jersey-client-async-executor-1] DEBUG org.apache.http.wire - http-outgoing-9 >> "POST /containers/bd7595f46ac0669637240013cff795a39f157191cdd14cda715383e62ddc2cc0/start HTTP/1.1[\r][\n]"
16:00:48.788 [jersey-client-async-executor-1] DEBUG org.apache.http.wire - http-outgoing-9 >> "User-Agent: Jersey/2.22.2 (Apache HttpClient 4.5.6)[\r][\n]"
16:00:48.788 [jersey-client-async-executor-1] DEBUG org.apache.http.wire - http-outgoing-9 >> "Host: localhost:80[\r][\n]"
16:00:48.788 [jersey-client-async-executor-1] DEBUG org.apache.http.wire - http-outgoing-9 >> "Connection: Keep-Alive[\r][\n]"
16:00:48.788 [jersey-client-async-executor-1] DEBUG org.apache.http.wire - http-outgoing-9 >> "Accept-Encoding: gzip,deflate[\r][\n]"
16:00:48.788 [jersey-client-async-executor-1] DEBUG org.apache.http.wire - http-outgoing-9 >> "[\r][\n]"
16:00:49.782 [jersey-client-async-executor-1] DEBUG org.apache.http.wire - http-outgoing-9 << "HTTP/1.1 204 No Content[\r][\n]"
16:00:49.782 [jersey-client-async-executor-1] DEBUG org.apache.http.wire - http-outgoing-9 << "Api-Version: 1.40[\r][\n]"
16:00:49.782 [jersey-client-async-executor-1] DEBUG org.apache.http.wire - http-outgoing-9 << "Docker-Experimental: false[\r][\n]"
16:00:49.782 [jersey-client-async-executor-1] DEBUG org.apache.http.wire - http-outgoing-9 << "Ostype: linux[\r][\n]"
16:00:49.782 [jersey-client-async-executor-1] DEBUG org.apache.http.wire - http-outgoing-9 << "Server: Docker/19.03.6 (linux)[\r][\n]"
16:00:49.782 [jersey-client-async-executor-1] DEBUG org.apache.http.wire - http-outgoing-9 << "Date: Thu, 27 Feb 2020 16:00:49 GMT[\r][\n]"
16:00:49.782 [jersey-client-async-executor-1] DEBUG org.apache.http.wire - http-outgoing-9 << "[\r][\n]"
16:00:49.783 [jersey-client-async-executor-1] DEBUG org.apache.http.headers - http-outgoing-9 << HTTP/1.1 204 No Content
16:00:49.783 [jersey-client-async-executor-1] DEBUG org.apache.http.headers - http-outgoing-9 << Api-Version: 1.40
16:00:49.783 [jersey-client-async-executor-1] DEBUG org.apache.http.headers - http-outgoing-9 << Docker-Experimental: false
16:00:49.783 [jersey-client-async-executor-1] DEBUG org.apache.http.headers - http-outgoing-9 << Ostype: linux
16:00:49.783 [jersey-client-async-executor-1] DEBUG org.apache.http.headers - http-outgoing-9 << Server: Docker/19.03.6 (linux)
16:00:49.783 [jersey-client-async-executor-1] DEBUG org.apache.http.headers - http-outgoing-9 << Date: Thu, 27 Feb 2020 16:00:49 GMT
16:00:49.783 [jersey-client-async-executor-1] DEBUG org.apache.http.impl.execchain.MainClientExec - Connection can be kept alive indefinitely
16:00:49.783 [jersey-client-async-executor-1] DEBUG org.apache.http.impl.conn.PoolingHttpClientConnectionManager - Connection [id: 9][route: {}->unix://localhost:80] can be kept alive indefinitely
16:00:49.783 [jersey-client-async-executor-1] DEBUG org.apache.http.impl.conn.DefaultManagedHttpClientConnection - http-outgoing-9: set socket timeout to 0
16:00:49.783 [jersey-client-async-executor-1] DEBUG org.apache.http.impl.conn.PoolingHttpClientConnectionManager - Connection released: [id: 9][route: {}->unix://localhost:80][total kept alive: 1; route allocated: 1 of 100; total allocated: 1 of 100]
16:00:49.787 [jersey-client-async-executor-1] DEBUG org.apache.http.client.protocol.RequestAddCookies - CookieSpec selected: default
16:00:49.787 [jersey-client-async-executor-1] DEBUG org.apache.http.client.protocol.RequestAuthCache - Auth cache not set in the context
16:00:49.787 [jersey-client-async-executor-1] DEBUG org.apache.http.impl.conn.PoolingHttpClientConnectionManager - Connection request: [route: {}->unix://localhost:80][total kept alive: 1; route allocated: 1 of 100; total allocated: 1 of 100]
16:00:49.788 [jersey-client-async-executor-1] DEBUG org.apache.http.impl.conn.PoolingHttpClientConnectionManager - Connection leased: [id: 9][route: {}->unix://localhost:80][total kept alive: 0; route allocated: 1 of 100; total allocated: 1 of 100]
16:00:49.788 [jersey-client-async-executor-1] DEBUG org.apache.http.impl.conn.DefaultManagedHttpClientConnection - http-outgoing-9: set socket timeout to 0
16:00:49.788 [jersey-client-async-executor-1] DEBUG org.apache.http.impl.conn.DefaultManagedHttpClientConnection - http-outgoing-9: set socket timeout to 30000
16:00:49.788 [jersey-client-async-executor-1] DEBUG org.apache.http.impl.execchain.MainClientExec - Executing request GET /containers/bd7595f46ac0669637240013cff795a39f157191cdd14cda715383e62ddc2cc0/json HTTP/1.1
16:00:49.788 [jersey-client-async-executor-1] DEBUG org.apache.http.impl.execchain.MainClientExec - Target auth state: UNCHALLENGED
16:00:49.788 [jersey-client-async-executor-1] DEBUG org.apache.http.impl.execchain.MainClientExec - Proxy auth state: UNCHALLENGED
16:00:49.789 [jersey-client-async-executor-1] DEBUG org.apache.http.headers - http-outgoing-9 >> GET /containers/bd7595f46ac0669637240013cff795a39f157191cdd14cda715383e62ddc2cc0/json HTTP/1.1
16:00:49.789 [jersey-client-async-executor-1] DEBUG org.apache.http.headers - http-outgoing-9 >> Accept: application/json
16:00:49.789 [jersey-client-async-executor-1] DEBUG org.apache.http.headers - http-outgoing-9 >> User-Agent: Jersey/2.22.2 (Apache HttpClient 4.5.6)
16:00:49.789 [jersey-client-async-executor-1] DEBUG org.apache.http.headers - http-outgoing-9 >> Host: localhost:80
16:00:49.789 [jersey-client-async-executor-1] DEBUG org.apache.http.headers - http-outgoing-9 >> Connection: Keep-Alive
16:00:49.789 [jersey-client-async-executor-1] DEBUG org.apache.http.headers - http-outgoing-9 >> Accept-Encoding: gzip,deflate
16:00:49.790 [jersey-client-async-executor-1] DEBUG org.apache.http.wire - http-outgoing-9 >> "GET /containers/bd7595f46ac0669637240013cff795a39f157191cdd14cda715383e62ddc2cc0/json HTTP/1.1[\r][\n]"
16:00:49.790 [jersey-client-async-executor-1] DEBUG org.apache.http.wire - http-outgoing-9 >> "Accept: application/json[\r][\n]"
16:00:49.790 [jersey-client-async-executor-1] DEBUG org.apache.http.wire - http-outgoing-9 >> "User-Agent: Jersey/2.22.2 (Apache HttpClient 4.5.6)[\r][\n]"
16:00:49.790 [jersey-client-async-executor-1] DEBUG org.apache.http.wire - http-outgoing-9 >> "Host: localhost:80[\r][\n]"
16:00:49.790 [jersey-client-async-executor-1] DEBUG org.apache.http.wire - http-outgoing-9 >> "Connection: Keep-Alive[\r][\n]"
16:00:49.790 [jersey-client-async-executor-1] DEBUG org.apache.http.wire - http-outgoing-9 >> "Accept-Encoding: gzip,deflate[\r][\n]"
16:00:49.790 [jersey-client-async-executor-1] DEBUG org.apache.http.wire - http-outgoing-9 >> "[\r][\n]"
16:00:49.794 [jersey-client-async-executor-1] DEBUG org.apache.http.wire - http-outgoing-9 << "HTTP/1.1 200 OK[\r][\n]"
16:00:49.794 [jersey-client-async-executor-1] DEBUG org.apache.http.wire - http-outgoing-9 << "Api-Version: 1.40[\r][\n]"
16:00:49.794 [jersey-client-async-executor-1] DEBUG org.apache.http.wire - http-outgoing-9 << "Content-Type: application/json[\r][\n]"
16:00:49.794 [jersey-client-async-executor-1] DEBUG org.apache.http.wire - http-outgoing-9 << "Docker-Experimental: false[\r][\n]"
16:00:49.794 [jersey-client-async-executor-1] DEBUG org.apache.http.wire - http-outgoing-9 << "Ostype: linux[\r][\n]"
16:00:49.794 [jersey-client-async-executor-1] DEBUG org.apache.http.wire - http-outgoing-9 << "Server: Docker/19.03.6 (linux)[\r][\n]"
16:00:49.795 [jersey-client-async-executor-1] DEBUG org.apache.http.wire - http-outgoing-9 << "Date: Thu, 27 Feb 2020 16:00:49 GMT[\r][\n]"
16:00:49.795 [jersey-client-async-executor-1] DEBUG org.apache.http.wire - http-outgoing-9 << "Transfer-Encoding: chunked[\r][\n]"
16:00:49.795 [jersey-client-async-executor-1] DEBUG org.apache.http.wire - http-outgoing-9 << "[\r][\n]"
16:00:49.795 [jersey-client-async-executor-1] DEBUG org.apache.http.wire - http-outgoing-9 << "17de[\r][\n]"
16:00:49.795 [jersey-client-async-executor-1] DEBUG org.apache.http.wire - http-outgoing-9 << "{"Id":"bd7595f46ac0669637240013cff795a39f157191cdd14cda715383e62ddc2cc0","Created":"2020-02-27T16:00:48.059637568Z","Path":"sh","Args":["-c","mkdir -p /etc/selenoid/; echo '{\"chrome\":{\"default\":\"80.0\",\"versions\":{\"80.0\":{\"image\":\"selenoid/vnc:chrome_80.0\",\"port\":\"4444\",\"path\":\"/\",\"tmpfs\":{\"/tmp\":\"size=128m\"},\"env\":[\"DOCKER_API_VERSION=1.35\",\"TZ=Europe/Madrid\",\"LANG=en\"],\"volumes\":[]}}}}' > /etc/selenoid/browsers.json; /usr/bin/selenoid -listen :4444 -service-startup-timeout 3m -conf /etc/selenoid/browsers.json -video-output-dir /opt/selenoid/video/ -timeout 1m0s -container-network bridge -limit 2"],"State":{"Status":"running","Running":true,"Paused":false,"Restarting":false,"OOMKilled":false,"Dead":false,"Pid":8466,"ExitCode":0,"Error":"","StartedAt":"2020-02-27T16:00:49.712670319Z","FinishedAt":"0001-01-01T00:00:00Z"},"Image":"sha256:c59620b9ca09c8a97d9e98000b8368d6a48e6c9cdc2c7fac4b80ebec2fc06cd9","ResolvConfPath":"/var/lib/docker/containers/bd7595f46ac0669637240013cff795a39f157191cdd14cda715383e62ddc2cc0/resolv.conf","HostnamePath":"/var/lib/docker/containers/bd7595f46ac0669637240013cff795a39f157191cdd14cda715383e62ddc2cc0/hostname","HostsPath":"/var/lib/docker/containers/bd7595f46ac0669637240013cff795a39f157191cdd14cda715383e62ddc2cc0/hosts","LogPath":"/var/lib/docker/containers/bd7595f46ac0669637240013cff795a39f157191cdd14cda715383e62ddc2cc0/bd7595f46ac0669637240013cff795a39f157191cdd14cda715383e62ddc2cc0-json.log","Name":"/reverent_ride","RestartCount":0,"Driver":"overlay2","Platform":"linux","MountLabel":"","ProcessLabel":"","AppArmorProfile":"docker-default","ExecIDs":null,"HostConfig":{"Binds":["/var/run/docker.sock:/var/run/docker.sock"],"ContainerIDFile":"","LogConfig":{"Type":"json-file","Config":{}},"NetworkMode":"bridge","PortBindings":{"4444":[{"HostIp":"0.0.0.0","HostPort":""}]},"RestartPolicy":{"Name":"","MaximumRetryCount":0},"AutoRemove":false,"VolumeDriver":"","VolumesFrom":null,"CapAdd":null,"CapDrop":null,"Capabilities":null,"Dns":null,"DnsOptions":null,"DnsSearch":null,"ExtraHosts":null,"GroupAdd":null,"IpcMode":"private","Cgroup":"","Links":null,"OomScoreAdj":0,"PidMode":"","Privileged":false,"PublishAllPorts":false,"ReadonlyRootfs":false,"SecurityOpt":null,"UTSMode":"","UsernsMode":"","ShmSize":67108864,"Runtime":"runc","ConsoleSize":[0,0],"Isolation":"","CpuShares":0,"Memory":0,"NanoCpus":0,"CgroupParent":"","BlkioWeight":0,"BlkioWeightDevice":null,"BlkioDeviceReadBps":null,"BlkioDeviceWriteBps":null,"BlkioDeviceReadIOps":null,"BlkioDeviceWriteIOps":null,"CpuPeriod":0,"CpuQuota":0,"CpuRealtimePeriod":0,"CpuRealtimeRuntime":0,"CpusetCpus":"","CpusetMems":"","Devices":null,"DeviceCgroupRules":null,"DeviceRequests":null,"KernelMemory":0,"KernelMemoryTCP":0,"MemoryReservation":0,"MemorySwap":0,"MemorySwappiness":null,"OomKillDisable":false,"PidsLimit":null,"Ulimits":null,"CpuCount":0,"CpuPercent":0,"IOMaximumIOps":0,"IOMaximumBandwidth":0,"MaskedPaths":["/proc/asound","/proc/acpi","/proc/kcore","/proc/keys","/proc/latency_stats","/proc/timer_list","/proc/timer_stats","/proc/sched_debug","/proc/scsi","/sys/firmware"],"ReadonlyPaths":["/proc/bus","/proc/fs","/proc/irq","/proc/sys","/proc/sysrq-trigger"]},"GraphDriver":{"Data":{"LowerDir":"/var/lib/docker/overlay2/12050f45ca14694f89953d441e26588dc8e56506ec3258168e3f07746b8fd6ec-init/diff:/var/lib/docker/overlay2/6447a1fb3ad29dfc77d4610ce4c5bd5a495f7dee33b3c7e37fc1f04a50adfab0/diff:/var/lib/docker/overlay2/5b03646d8ec2ae04f0aea2ddcce068eb201658c1d7305559ebd36148b3a17a96/diff:/var/lib/docker/overlay2/e43899b0d0fa49da4e3ab07f5c7475a344097626e8c5b3548abdb450edc66c2a/diff","MergedDir":"/var/lib/docker/overlay2/12050f45ca14694f89953d441e26588dc8e56506ec3258168e3f07746b8fd6ec/merged","UpperDir":"/var/lib/docker/overlay2/12050f45ca14694f89953d441e26588dc8e56506ec3258168e3f07746b8fd6ec/diff","WorkDir":"/var/lib/docker/overlay2/12050f45ca14694f89953d441e26588dc8e56506ec3258168e3f07746b8fd6ec/work"},"Name":"overlay2"},"Mounts":[{"Type":"bind","Source":"/var/run/docker.sock","Destination":"/var/run/docker.sock","Mode":"","RW":true,"Propagation":"rprivate"}],"Config":{"Hostname":"bd7595f46ac0","Domainname":"","User":"","AttachStdin":false,"AttachStdout":false,"AttachStderr":false,"ExposedPorts":{"4444":{},"4444/tcp":{}},"Tty":false,"OpenStdin":false,"StdinOnce":false,"Env":["DOCKER_API_VERSION=1.35","TZ=Europe/Madrid","LANG=en","PATH=/usr/local/sbin:/usr/local/bin:/usr/sbin:/usr/bin:/sbin:/bin"],"Cmd":["sh","-c","mkdir -p /etc/selenoid/; echo '{\"chrome\":{\"default\":\"80.0\",\"versions\":{\"80.0\":{\"image\":\"selenoid/vnc:chrome_80.0\",\"port\":\"4444\",\"path\":\"/\",\"tmpfs\":{\"/tmp\":\"size=128m\"},\"env\":[\"DOCKER_API_VERSION=1.35\",\"TZ=Europe/Madrid\",\"LANG=en\"],\"volumes\":[]}}}}' > /etc/selenoid/browsers.json; /usr/bin/selenoid -listen :4444 -service-startup-timeout 3m -conf /etc/selenoid/browsers.json -video-output-dir /opt/selenoid/video/ -timeout 1m0s -container-network bridge -limit 2"],"Image":"aerokube/selenoid:1.9.3","Volumes":null,"WorkingDir":"","Entrypoint":null,"OnBuild":null,"Labels":{}},"NetworkSettings":{"Bridge":"","SandboxID":"0b86c5f08adc34501d1981ed83fae44626cab3da6ed265b003daaf692bb4ef5b","HairpinMode":false,"LinkLocalIPv6Address":"","LinkLocalIPv6PrefixLen":0,"Ports":{"4444/tcp":[{"HostIp":"0.0.0.0","HostPort":"32774"}]},"SandboxKey":"/var/run/docker/netns/0b86c5f08adc","SecondaryIPAddresses":null,"SecondaryIPv6Addresses":null,"EndpointID":"859e5815480b50c3b7f313c5f2cc8d29de47327a7f3db30894ff53d9033e0497","Gateway":"172.17.0.1","GlobalIPv6Address":"","GlobalIPv6PrefixLen":0,"IPAddress":"172.17.0.2","IPPrefixLen":16,"IPv6Gateway":"","MacAddress":"02:42:ac:11:00:02","Networks":{"bridge":{"IPAMConfig":null,"Links":null,"Aliases":null,"NetworkID":"013fd4f06e5b03d1856ddb454ae602f22229f11dd54d2401e1ef60f673b34bed","EndpointID":"859e5815480b50c3b7f313c5f2cc8d29de47327a7f3db30894ff53d9033e0497","Gateway":"172.17.0.1","IPAddress":"172.17.0.2","IPPrefixLen":16,"IPv6Gateway":"","GlobalIPv6Address":"","GlobalIPv6PrefixLen":0,"MacAddress":"02:42:ac:11:00:02","DriverOpts":null}}}}[\n]"
16:00:49.795 [jersey-client-async-executor-1] DEBUG org.apache.http.wire - http-outgoing-9 << "[\r][\n]"
16:00:49.795 [jersey-client-async-executor-1] DEBUG org.apache.http.wire - http-outgoing-9 << "0[\r][\n]"
16:00:49.795 [jersey-client-async-executor-1] DEBUG org.apache.http.wire - http-outgoing-9 << "[\r][\n]"
16:00:49.796 [jersey-client-async-executor-1] DEBUG org.apache.http.headers - http-outgoing-9 << HTTP/1.1 200 OK
16:00:49.796 [jersey-client-async-executor-1] DEBUG org.apache.http.headers - http-outgoing-9 << Api-Version: 1.40
16:00:49.796 [jersey-client-async-executor-1] DEBUG org.apache.http.headers - http-outgoing-9 << Content-Type: application/json
16:00:49.796 [jersey-client-async-executor-1] DEBUG org.apache.http.headers - http-outgoing-9 << Docker-Experimental: false
16:00:49.796 [jersey-client-async-executor-1] DEBUG org.apache.http.headers - http-outgoing-9 << Ostype: linux
16:00:49.796 [jersey-client-async-executor-1] DEBUG org.apache.http.headers - http-outgoing-9 << Server: Docker/19.03.6 (linux)
16:00:49.796 [jersey-client-async-executor-1] DEBUG org.apache.http.headers - http-outgoing-9 << Date: Thu, 27 Feb 2020 16:00:49 GMT
16:00:49.796 [jersey-client-async-executor-1] DEBUG org.apache.http.headers - http-outgoing-9 << Transfer-Encoding: chunked
16:00:49.797 [jersey-client-async-executor-1] DEBUG org.apache.http.impl.execchain.MainClientExec - Connection can be kept alive indefinitely
16:00:49.821 [jersey-client-async-executor-1] DEBUG org.apache.http.impl.conn.DefaultManagedHttpClientConnection - http-outgoing-9: Close connection
16:00:49.821 [jersey-client-async-executor-1] DEBUG org.apache.http.impl.execchain.MainClientExec - Connection discarded
16:00:49.821 [jersey-client-async-executor-1] DEBUG org.apache.http.impl.conn.PoolingHttpClientConnectionManager - Connection released: [id: 9][route: {}->unix://localhost:80][total kept alive: 0; route allocated: 0 of 100; total allocated: 0 of 100]
16:00:49.825 [jersey-client-async-executor-1] DEBUG org.apache.http.wire - http-outgoing-9 << "[read] I/O error: Bad file descriptor"
16:00:49.826 [jersey-client-async-executor-0] DEBUG org.apache.http.client.protocol.RequestAddCookies - CookieSpec selected: default
16:00:49.826 [jersey-client-async-executor-0] DEBUG org.apache.http.client.protocol.RequestAuthCache - Auth cache not set in the context
16:00:49.826 [jersey-client-async-executor-0] DEBUG org.apache.http.impl.conn.PoolingHttpClientConnectionManager - Connection request: [route: {}->unix://localhost:80][total kept alive: 0; route allocated: 0 of 100; total allocated: 0 of 100]
16:00:49.826 [jersey-client-async-executor-0] DEBUG org.apache.http.impl.conn.PoolingHttpClientConnectionManager - Connection leased: [id: 10][route: {}->unix://localhost:80][total kept alive: 0; route allocated: 1 of 100; total allocated: 1 of 100]
16:00:49.826 [jersey-client-async-executor-0] DEBUG org.apache.http.impl.execchain.MainClientExec - Opening connection {}->unix://localhost:80
16:00:49.826 [jersey-client-async-executor-0] DEBUG org.apache.http.impl.conn.DefaultHttpClientConnectionOperator - Connecting to localhost/127.0.0.1:80
16:00:49.827 [jersey-client-async-executor-0] DEBUG org.apache.http.impl.conn.DefaultHttpClientConnectionOperator - Connection established [family=PF_UNIX path=]<->[family=PF_UNIX path=/var/run/docker.sock]
16:00:49.827 [jersey-client-async-executor-0] DEBUG org.apache.http.impl.conn.DefaultManagedHttpClientConnection - http-outgoing-10: set socket timeout to 30000
16:00:49.827 [jersey-client-async-executor-0] DEBUG org.apache.http.impl.execchain.MainClientExec - Executing request GET /containers/bd7595f46ac0669637240013cff795a39f157191cdd14cda715383e62ddc2cc0/json HTTP/1.1
16:00:49.827 [jersey-client-async-executor-0] DEBUG org.apache.http.impl.execchain.MainClientExec - Target auth state: UNCHALLENGED
16:00:49.827 [jersey-client-async-executor-0] DEBUG org.apache.http.impl.execchain.MainClientExec - Proxy auth state: UNCHALLENGED
16:00:49.827 [jersey-client-async-executor-0] DEBUG org.apache.http.headers - http-outgoing-10 >> GET /containers/bd7595f46ac0669637240013cff795a39f157191cdd14cda715383e62ddc2cc0/json HTTP/1.1
16:00:49.827 [jersey-client-async-executor-0] DEBUG org.apache.http.headers - http-outgoing-10 >> Accept: application/json
16:00:49.827 [jersey-client-async-executor-0] DEBUG org.apache.http.headers - http-outgoing-10 >> User-Agent: Jersey/2.22.2 (Apache HttpClient 4.5.6)
16:00:49.827 [jersey-client-async-executor-0] DEBUG org.apache.http.headers - http-outgoing-10 >> Host: localhost:80
16:00:49.827 [jersey-client-async-executor-0] DEBUG org.apache.http.headers - http-outgoing-10 >> Connection: Keep-Alive
16:00:49.828 [jersey-client-async-executor-0] DEBUG org.apache.http.headers - http-outgoing-10 >> Accept-Encoding: gzip,deflate
16:00:49.828 [jersey-client-async-executor-0] DEBUG org.apache.http.wire - http-outgoing-10 >> "GET /containers/bd7595f46ac0669637240013cff795a39f157191cdd14cda715383e62ddc2cc0/json HTTP/1.1[\r][\n]"
16:00:49.828 [jersey-client-async-executor-0] DEBUG org.apache.http.wire - http-outgoing-10 >> "Accept: application/json[\r][\n]"
16:00:49.828 [jersey-client-async-executor-0] DEBUG org.apache.http.wire - http-outgoing-10 >> "User-Agent: Jersey/2.22.2 (Apache HttpClient 4.5.6)[\r][\n]"
16:00:49.828 [jersey-client-async-executor-0] DEBUG org.apache.http.wire - http-outgoing-10 >> "Host: localhost:80[\r][\n]"
16:00:49.828 [jersey-client-async-executor-0] DEBUG org.apache.http.wire - http-outgoing-10 >> "Connection: Keep-Alive[\r][\n]"
16:00:49.828 [jersey-client-async-executor-0] DEBUG org.apache.http.wire - http-outgoing-10 >> "Accept-Encoding: gzip,deflate[\r][\n]"
16:00:49.828 [jersey-client-async-executor-0] DEBUG org.apache.http.wire - http-outgoing-10 >> "[\r][\n]"
16:00:49.828 [jersey-client-async-executor-0] DEBUG org.apache.http.wire - http-outgoing-10 << "HTTP/1.1 200 OK[\r][\n]"
16:00:49.828 [jersey-client-async-executor-0] DEBUG org.apache.http.wire - http-outgoing-10 << "Api-Version: 1.40[\r][\n]"
16:00:49.828 [jersey-client-async-executor-0] DEBUG org.apache.http.wire - http-outgoing-10 << "Content-Type: application/json[\r][\n]"
16:00:49.829 [jersey-client-async-executor-0] DEBUG org.apache.http.wire - http-outgoing-10 << "Docker-Experimental: false[\r][\n]"
16:00:49.829 [jersey-client-async-executor-0] DEBUG org.apache.http.wire - http-outgoing-10 << "Ostype: linux[\r][\n]"
16:00:49.829 [jersey-client-async-executor-0] DEBUG org.apache.http.wire - http-outgoing-10 << "Server: Docker/19.03.6 (linux)[\r][\n]"
16:00:49.829 [jersey-client-async-executor-0] DEBUG org.apache.http.wire - http-outgoing-10 << "Date: Thu, 27 Feb 2020 16:00:49 GMT[\r][\n]"
16:00:49.829 [jersey-client-async-executor-0] DEBUG org.apache.http.wire - http-outgoing-10 << "Transfer-Encoding: chunked[\r][\n]"
16:00:49.829 [jersey-client-async-executor-0] DEBUG org.apache.http.wire - http-outgoing-10 << "[\r][\n]"
16:00:49.829 [jersey-client-async-executor-0] DEBUG org.apache.http.wire - http-outgoing-10 << "17de[\r][\n]"
16:00:49.830 [jersey-client-async-executor-0] DEBUG org.apache.http.wire - http-outgoing-10 << "{"Id":"bd7595f46ac0669637240013cff795a39f157191cdd14cda715383e62ddc2cc0","Created":"2020-02-27T16:00:48.059637568Z","Path":"sh","Args":["-c","mkdir -p /etc/selenoid/; echo '{\"chrome\":{\"default\":\"80.0\",\"versions\":{\"80.0\":{\"image\":\"selenoid/vnc:chrome_80.0\",\"port\":\"4444\",\"path\":\"/\",\"tmpfs\":{\"/tmp\":\"size=128m\"},\"env\":[\"DOCKER_API_VERSION=1.35\",\"TZ=Europe/Madrid\",\"LANG=en\"],\"volumes\":[]}}}}' > /etc/selenoid/browsers.json; /usr/bin/selenoid -listen :4444 -service-startup-timeout 3m -conf /etc/selenoid/browsers.json -video-output-dir /opt/selenoid/video/ -timeout 1m0s -container-network bridge -limit 2"],"State":{"Status":"running","Running":true,"Paused":false,"Restarting":false,"OOMKilled":false,"Dead":false,"Pid":8466,"ExitCode":0,"Error":"","StartedAt":"2020-02-27T16:00:49.712670319Z","FinishedAt":"0001-01-01T00:00:00Z"},"Image":"sha256:c59620b9ca09c8a97d9e98000b8368d6a48e6c9cdc2c7fac4b80ebec2fc06cd9","ResolvConfPath":"/var/lib/docker/containers/bd7595f46ac0669637240013cff795a39f157191cdd14cda715383e62ddc2cc0/resolv.conf","HostnamePath":"/var/lib/docker/containers/bd7595f46ac0669637240013cff795a39f157191cdd14cda715383e62ddc2cc0/hostname","HostsPath":"/var/lib/docker/containers/bd7595f46ac0669637240013cff795a39f157191cdd14cda715383e62ddc2cc0/hosts","LogPath":"/var/lib/docker/containers/bd7595f46ac0669637240013cff795a39f157191cdd14cda715383e62ddc2cc0/bd7595f46ac0669637240013cff795a39f157191cdd14cda715383e62ddc2cc0-json.log","Name":"/reverent_ride","RestartCount":0,"Driver":"overlay2","Platform":"linux","MountLabel":"","ProcessLabel":"","AppArmorProfile":"docker-default","ExecIDs":null,"HostConfig":{"Binds":["/var/run/docker.sock:/var/run/docker.sock"],"ContainerIDFile":"","LogConfig":{"Type":"json-file","Config":{}},"NetworkMode":"bridge","PortBindings":{"4444":[{"HostIp":"0.0.0.0","HostPort":""}]},"RestartPolicy":{"Name":"","MaximumRetryCount":0},"AutoRemove":false,"VolumeDriver":"","VolumesFrom":null,"CapAdd":null,"CapDrop":null,"Capabilities":null,"Dns":null,"DnsOptions":null,"DnsSearch":null,"ExtraHosts":null,"GroupAdd":null,"IpcMode":"private","Cgroup":"","Links":null,"OomScoreAdj":0,"PidMode":"","Privileged":false,"PublishAllPorts":false,"ReadonlyRootfs":false,"SecurityOpt":null,"UTSMode":"","UsernsMode":"","ShmSize":67108864,"Runtime":"runc","ConsoleSize":[0,0],"Isolation":"","CpuShares":0,"Memory":0,"NanoCpus":0,"CgroupParent":"","BlkioWeight":0,"BlkioWeightDevice":null,"BlkioDeviceReadBps":null,"BlkioDeviceWriteBps":null,"BlkioDeviceReadIOps":null,"BlkioDeviceWriteIOps":null,"CpuPeriod":0,"CpuQuota":0,"CpuRealtimePeriod":0,"CpuRealtimeRuntime":0,"CpusetCpus":"","CpusetMems":"","Devices":null,"DeviceCgroupRules":null,"DeviceRequests":null,"KernelMemory":0,"KernelMemoryTCP":0,"MemoryReservation":0,"MemorySwap":0,"MemorySwappiness":null,"OomKillDisable":false,"PidsLimit":null,"Ulimits":null,"CpuCount":0,"CpuPercent":0,"IOMaximumIOps":0,"IOMaximumBandwidth":0,"MaskedPaths":["/proc/asound","/proc/acpi","/proc/kcore","/proc/keys","/proc/latency_stats","/proc/timer_list","/proc/timer_stats","/proc/sched_debug","/proc/scsi","/sys/firmware"],"ReadonlyPaths":["/proc/bus","/proc/fs","/proc/irq","/proc/sys","/proc/sysrq-trigger"]},"GraphDriver":{"Data":{"LowerDir":"/var/lib/docker/overlay2/12050f45ca14694f89953d441e26588dc8e56506ec3258168e3f07746b8fd6ec-init/diff:/var/lib/docker/overlay2/6447a1fb3ad29dfc77d4610ce4c5bd5a495f7dee33b3c7e37fc1f04a50adfab0/diff:/var/lib/docker/overlay2/5b03646d8ec2ae04f0aea2ddcce068eb201658c1d7305559ebd36148b3a17a96/diff:/var/lib/docker/overlay2/e43899b0d0fa49da4e3ab07f5c7475a344097626e8c5b3548abdb450edc66c2a/diff","MergedDir":"/var/lib/docker/overlay2/12050f45ca14694f89953d441e26588dc8e56506ec3258168e3f07746b8fd6ec/merged","UpperDir":"/var/lib/docker/overlay2/12050f45ca14694f89953d441e26588dc8e56506ec3258168e3f07746b8fd6ec/diff","WorkDir":"/var/lib/docker/overlay2/12050f45ca14694f89953d441e26588dc8e56506ec3258168e3f07746b8fd6ec/work"},"Name":"overlay2"},"Mounts":[{"Type":"bind","Source":"/var/run/docker.sock","Destination":"/var/run/docker.sock","Mode":"","RW":true,"Propagation":"rprivate"}],"Config":{"Hostname":"bd7595f46ac0","Domainname":"","User":"","AttachStdin":false,"AttachStdout":false,"AttachStderr":false,"ExposedPorts":{"4444":{},"4444/tcp":{}},"Tty":false,"OpenStdin":false,"StdinOnce":false,"Env":["DOCKER_API_VERSION=1.35","TZ=Europe/Madrid","LANG=en","PATH=/usr/local/sbin:/usr/local/bin:/usr/sbin:/usr/bin:/sbin:/bin"],"Cmd":["sh","-c","mkdir -p /etc/selenoid/; echo '{\"chrome\":{\"default\":\"80.0\",\"versions\":{\"80.0\":{\"image\":\"selenoid/vnc:chrome_80.0\",\"port\":\"4444\",\"path\":\"/\",\"tmpfs\":{\"/tmp\":\"size=128m\"},\"env\":[\"DOCKER_API_VERSION=1.35\",\"TZ=Europe/Madrid\",\"LANG=en\"],\"volumes\":[]}}}}' > /etc/selenoid/browsers.json; /usr/bin/selenoid -listen :4444 -service-startup-timeout 3m -conf /etc/selenoid/browsers.json -video-output-dir /opt/selenoid/video/ -timeout 1m0s -container-network bridge -limit 2"],"Image":"aerokube/selenoid:1.9.3","Volumes":null,"WorkingDir":"","Entrypoint":null,"OnBuild":null,"Labels":{}},"NetworkSettings":{"Bridge":"","SandboxID":"0b86c5f08adc34501d1981ed83fae44626cab3da6ed265b003daaf692bb4ef5b","HairpinMode":false,"LinkLocalIPv6Address":"","LinkLocalIPv6PrefixLen":0,"Ports":{"4444/tcp":[{"HostIp":"0.0.0.0","HostPort":"32774"}]},"SandboxKey":"/var/run/docker/netns/0b86c5f08adc","SecondaryIPAddresses":null,"SecondaryIPv6Addresses":null,"EndpointID":"859e5815480b50c3b7f313c5f2cc8d29de47327a7f3db30894ff53d9033e0497","Gateway":"172.17.0.1","GlobalIPv6Address":"","GlobalIPv6PrefixLen":0,"IPAddress":"172.17.0.2","IPPrefixLen":16,"IPv6Gateway":"","MacAddress":"02:42:ac:11:00:02","Networks":{"bridge":{"IPAMConfig":null,"Links":null,"Aliases":null,"NetworkID":"013fd4f06e5b03d1856ddb454ae602f22229f11dd54d2401e1ef60f673b34bed","EndpointID":"859e5815480b50c3b7f313c5f2cc8d29de47327a7f3db30894ff53d9033e0497","Gateway":"172.17.0.1","IPAddress":"172.17.0.2","IPPrefixLen":16,"IPv6Gateway":"","GlobalIPv6Address":"","GlobalIPv6PrefixLen":0,"MacAddress":"02:42:ac:11:00:02","DriverOpts":null}}}}[\n]"
16:00:49.830 [jersey-client-async-executor-0] DEBUG org.apache.http.wire - http-outgoing-10 << "[\r][\n]"
16:00:49.830 [jersey-client-async-executor-0] DEBUG org.apache.http.wire - http-outgoing-10 << "0[\r][\n]"
16:00:49.830 [jersey-client-async-executor-0] DEBUG org.apache.http.wire - http-outgoing-10 << "[\r][\n]"
16:00:49.830 [jersey-client-async-executor-0] DEBUG org.apache.http.headers - http-outgoing-10 << HTTP/1.1 200 OK
16:00:49.830 [jersey-client-async-executor-0] DEBUG org.apache.http.headers - http-outgoing-10 << Api-Version: 1.40
16:00:49.830 [jersey-client-async-executor-0] DEBUG org.apache.http.headers - http-outgoing-10 << Content-Type: application/json
16:00:49.830 [jersey-client-async-executor-0] DEBUG org.apache.http.headers - http-outgoing-10 << Docker-Experimental: false
16:00:49.830 [jersey-client-async-executor-0] DEBUG org.apache.http.headers - http-outgoing-10 << Ostype: linux
16:00:49.830 [jersey-client-async-executor-0] DEBUG org.apache.http.headers - http-outgoing-10 << Server: Docker/19.03.6 (linux)
16:00:49.830 [jersey-client-async-executor-0] DEBUG org.apache.http.headers - http-outgoing-10 << Date: Thu, 27 Feb 2020 16:00:49 GMT
16:00:49.830 [jersey-client-async-executor-0] DEBUG org.apache.http.headers - http-outgoing-10 << Transfer-Encoding: chunked
16:00:49.830 [jersey-client-async-executor-0] DEBUG org.apache.http.impl.execchain.MainClientExec - Connection can be kept alive indefinitely
16:00:49.835 [jersey-client-async-executor-0] DEBUG org.apache.http.impl.conn.DefaultManagedHttpClientConnection - http-outgoing-10: Close connection
16:00:49.835 [jersey-client-async-executor-0] DEBUG org.apache.http.impl.execchain.MainClientExec - Connection discarded
16:00:49.835 [jersey-client-async-executor-0] DEBUG org.apache.http.impl.conn.PoolingHttpClientConnectionManager - Connection released: [id: 10][route: {}->unix://localhost:80][total kept alive: 0; route allocated: 0 of 100; total allocated: 0 of 100]
16:00:49.835 [jersey-client-async-executor-0] DEBUG org.apache.http.wire - http-outgoing-10 << "[read] I/O error: Bad file descriptor"
16:00:49.836 [main] DEBUG io.github.bonigarcia.seljup.WebDriverCreator - Creating WebDriver for CHROME at http://172.17.0.1:32774/wd/hub with Capabilities {browserName: chrome, goog:chromeOptions: {args: [], extensions: []}, platform: ANY, version: }
16:00:55.088 [pool-6-thread-1] INFO io.github.bonigarcia.seljup.DockerService - Stopping Docker container aerokube/selenoid:1.9.3
16:00:55.128 [jersey-client-async-executor-0] DEBUG org.apache.http.client.protocol.RequestAddCookies - CookieSpec selected: default
16:00:55.132 [jersey-client-async-executor-0] DEBUG org.apache.http.client.protocol.RequestAuthCache - Auth cache not set in the context
16:00:55.132 [jersey-client-async-executor-0] DEBUG org.apache.http.impl.conn.PoolingHttpClientConnectionManager - Connection request: [route: {}->unix://localhost:80][total kept alive: 0; route allocated: 0 of 100; total allocated: 0 of 100]
16:00:55.132 [jersey-client-async-executor-0] DEBUG org.apache.http.impl.conn.PoolingHttpClientConnectionManager - Connection leased: [id: 11][route: {}->unix://localhost:80][total kept alive: 0; route allocated: 1 of 100; total allocated: 1 of 100]
16:00:55.132 [jersey-client-async-executor-0] DEBUG org.apache.http.impl.execchain.MainClientExec - Opening connection {}->unix://localhost:80
16:00:55.133 [jersey-client-async-executor-0] DEBUG org.apache.http.impl.conn.DefaultHttpClientConnectionOperator - Connecting to localhost/127.0.0.1:80
16:00:55.133 [jersey-client-async-executor-0] DEBUG org.apache.http.impl.conn.DefaultHttpClientConnectionOperator - Connection established [family=PF_UNIX path=]<->[family=PF_UNIX path=/var/run/docker.sock]
16:00:55.133 [jersey-client-async-executor-0] DEBUG org.apache.http.impl.conn.DefaultManagedHttpClientConnection - http-outgoing-11: set socket timeout to 0
16:00:55.133 [jersey-client-async-executor-0] DEBUG org.apache.http.impl.execchain.MainClientExec - Executing request POST /containers/bd7595f46ac0669637240013cff795a39f157191cdd14cda715383e62ddc2cc0/stop?t=5 HTTP/1.1
16:00:55.135 [jersey-client-async-executor-0] DEBUG org.apache.http.impl.execchain.MainClientExec - Target auth state: UNCHALLENGED
16:00:55.135 [jersey-client-async-executor-0] DEBUG org.apache.http.impl.execchain.MainClientExec - Proxy auth state: UNCHALLENGED
16:00:55.135 [jersey-client-async-executor-0] DEBUG org.apache.http.headers - http-outgoing-11 >> POST /containers/bd7595f46ac0669637240013cff795a39f157191cdd14cda715383e62ddc2cc0/stop?t=5 HTTP/1.1
16:00:55.135 [jersey-client-async-executor-0] DEBUG org.apache.http.headers - http-outgoing-11 >> User-Agent: Jersey/2.22.2 (Apache HttpClient 4.5.6)
16:00:55.135 [jersey-client-async-executor-0] DEBUG org.apache.http.headers - http-outgoing-11 >> Host: localhost:80
16:00:55.135 [jersey-client-async-executor-0] DEBUG org.apache.http.headers - http-outgoing-11 >> Connection: Keep-Alive
16:00:55.135 [jersey-client-async-executor-0] DEBUG org.apache.http.headers - http-outgoing-11 >> Accept-Encoding: gzip,deflate
16:00:55.136 [jersey-client-async-executor-0] DEBUG org.apache.http.wire - http-outgoing-11 >> "POST /containers/bd7595f46ac0669637240013cff795a39f157191cdd14cda715383e62ddc2cc0/stop?t=5 HTTP/1.1[\r][\n]"
16:00:55.143 [jersey-client-async-executor-0] DEBUG org.apache.http.wire - http-outgoing-11 >> "User-Agent: Jersey/2.22.2 (Apache HttpClient 4.5.6)[\r][\n]"
16:00:55.144 [jersey-client-async-executor-0] DEBUG org.apache.http.wire - http-outgoing-11 >> "Host: localhost:80[\r][\n]"
16:00:55.144 [jersey-client-async-executor-0] DEBUG org.apache.http.wire - http-outgoing-11 >> "Connection: Keep-Alive[\r][\n]"
16:00:55.144 [jersey-client-async-executor-0] DEBUG org.apache.http.wire - http-outgoing-11 >> "Accept-Encoding: gzip,deflate[\r][\n]"
16:00:55.144 [jersey-client-async-executor-0] DEBUG org.apache.http.wire - http-outgoing-11 >> "[\r][\n]"
16:00:56.486 [jersey-client-async-executor-0] DEBUG org.apache.http.wire - http-outgoing-11 << "HTTP/1.1 204 No Content[\r][\n]"
16:00:56.486 [jersey-client-async-executor-0] DEBUG org.apache.http.wire - http-outgoing-11 << "Api-Version: 1.40[\r][\n]"
16:00:56.486 [jersey-client-async-executor-0] DEBUG org.apache.http.wire - http-outgoing-11 << "Docker-Experimental: false[\r][\n]"
16:00:56.486 [jersey-client-async-executor-0] DEBUG org.apache.http.wire - http-outgoing-11 << "Ostype: linux[\r][\n]"
16:00:56.486 [jersey-client-async-executor-0] DEBUG org.apache.http.wire - http-outgoing-11 << "Server: Docker/19.03.6 (linux)[\r][\n]"
16:00:56.486 [jersey-client-async-executor-0] DEBUG org.apache.http.wire - http-outgoing-11 << "Date: Thu, 27 Feb 2020 16:00:56 GMT[\r][\n]"
16:00:56.486 [jersey-client-async-executor-0] DEBUG org.apache.http.wire - http-outgoing-11 << "[\r][\n]"
16:00:56.486 [jersey-client-async-executor-0] DEBUG org.apache.http.headers - http-outgoing-11 << HTTP/1.1 204 No Content
16:00:56.486 [jersey-client-async-executor-0] DEBUG org.apache.http.headers - http-outgoing-11 << Api-Version: 1.40
16:00:56.486 [jersey-client-async-executor-0] DEBUG org.apache.http.headers - http-outgoing-11 << Docker-Experimental: false
16:00:56.486 [jersey-client-async-executor-0] DEBUG org.apache.http.headers - http-outgoing-11 << Ostype: linux
16:00:56.486 [jersey-client-async-executor-0] DEBUG org.apache.http.headers - http-outgoing-11 << Server: Docker/19.03.6 (linux)
16:00:56.486 [jersey-client-async-executor-0] DEBUG org.apache.http.headers - http-outgoing-11 << Date: Thu, 27 Feb 2020 16:00:56 GMT
16:00:56.487 [jersey-client-async-executor-0] DEBUG org.apache.http.impl.execchain.MainClientExec - Connection can be kept alive indefinitely
16:00:56.487 [jersey-client-async-executor-0] DEBUG org.apache.http.impl.conn.PoolingHttpClientConnectionManager - Connection [id: 11][route: {}->unix://localhost:80] can be kept alive indefinitely
16:00:56.487 [jersey-client-async-executor-0] DEBUG org.apache.http.impl.conn.DefaultManagedHttpClientConnection - http-outgoing-11: set socket timeout to 0
16:00:56.487 [jersey-client-async-executor-0] DEBUG org.apache.http.impl.conn.PoolingHttpClientConnectionManager - Connection released: [id: 11][route: {}->unix://localhost:80][total kept alive: 1; route allocated: 1 of 100; total allocated: 1 of 100]
16:00:56.488 [jersey-client-async-executor-0] DEBUG org.apache.http.client.protocol.RequestAddCookies - CookieSpec selected: default
16:00:56.489 [jersey-client-async-executor-0] DEBUG org.apache.http.client.protocol.RequestAuthCache - Auth cache not set in the context
16:00:56.489 [jersey-client-async-executor-0] DEBUG org.apache.http.impl.conn.PoolingHttpClientConnectionManager - Connection request: [route: {}->unix://localhost:80][total kept alive: 0; route allocated: 0 of 100; total allocated: 0 of 100]
16:00:56.489 [jersey-client-async-executor-0] DEBUG org.apache.http.impl.conn.PoolingHttpClientConnectionManager - Connection leased: [id: 12][route: {}->unix://localhost:80][total kept alive: 0; route allocated: 1 of 100; total allocated: 1 of 100]
16:00:56.489 [jersey-client-async-executor-0] DEBUG org.apache.http.impl.execchain.MainClientExec - Opening connection {}->unix://localhost:80
16:00:56.489 [jersey-client-async-executor-0] DEBUG org.apache.http.impl.conn.DefaultHttpClientConnectionOperator - Connecting to localhost/127.0.0.1:80
16:00:56.489 [jersey-client-async-executor-0] DEBUG org.apache.http.impl.conn.DefaultHttpClientConnectionOperator - Connection established [family=PF_UNIX path=]<->[family=PF_UNIX path=/var/run/docker.sock]
16:00:56.489 [jersey-client-async-executor-0] DEBUG org.apache.http.impl.conn.DefaultManagedHttpClientConnection - http-outgoing-12: set socket timeout to 30000
16:00:56.489 [jersey-client-async-executor-0] DEBUG org.apache.http.impl.execchain.MainClientExec - Executing request DELETE /containers/bd7595f46ac0669637240013cff795a39f157191cdd14cda715383e62ddc2cc0 HTTP/1.1
16:00:56.489 [jersey-client-async-executor-0] DEBUG org.apache.http.impl.execchain.MainClientExec - Target auth state: UNCHALLENGED
16:00:56.489 [jersey-client-async-executor-0] DEBUG org.apache.http.impl.execchain.MainClientExec - Proxy auth state: UNCHALLENGED
16:00:56.489 [jersey-client-async-executor-0] DEBUG org.apache.http.headers - http-outgoing-12 >> DELETE /containers/bd7595f46ac0669637240013cff795a39f157191cdd14cda715383e62ddc2cc0 HTTP/1.1
16:00:56.489 [jersey-client-async-executor-0] DEBUG org.apache.http.headers - http-outgoing-12 >> Accept: application/json
16:00:56.489 [jersey-client-async-executor-0] DEBUG org.apache.http.headers - http-outgoing-12 >> User-Agent: Jersey/2.22.2 (Apache HttpClient 4.5.6)
16:00:56.489 [jersey-client-async-executor-0] DEBUG org.apache.http.headers - http-outgoing-12 >> Host: localhost:80
16:00:56.489 [jersey-client-async-executor-0] DEBUG org.apache.http.headers - http-outgoing-12 >> Connection: Keep-Alive
16:00:56.489 [jersey-client-async-executor-0] DEBUG org.apache.http.headers - http-outgoing-12 >> Accept-Encoding: gzip,deflate
16:00:56.490 [jersey-client-async-executor-0] DEBUG org.apache.http.wire - http-outgoing-12 >> "DELETE /containers/bd7595f46ac0669637240013cff795a39f157191cdd14cda715383e62ddc2cc0 HTTP/1.1[\r][\n]"
16:00:56.490 [jersey-client-async-executor-0] DEBUG org.apache.http.wire - http-outgoing-12 >> "Accept: application/json[\r][\n]"
16:00:56.490 [jersey-client-async-executor-0] DEBUG org.apache.http.wire - http-outgoing-12 >> "User-Agent: Jersey/2.22.2 (Apache HttpClient 4.5.6)[\r][\n]"
16:00:56.490 [jersey-client-async-executor-0] DEBUG org.apache.http.wire - http-outgoing-12 >> "Host: localhost:80[\r][\n]"
16:00:56.490 [jersey-client-async-executor-0] DEBUG org.apache.http.wire - http-outgoing-12 >> "Connection: Keep-Alive[\r][\n]"
16:00:56.490 [jersey-client-async-executor-0] DEBUG org.apache.http.wire - http-outgoing-12 >> "Accept-Encoding: gzip,deflate[\r][\n]"
16:00:56.490 [jersey-client-async-executor-0] DEBUG org.apache.http.wire - http-outgoing-12 >> "[\r][\n]"
16:00:56.584 [jersey-client-async-executor-0] DEBUG org.apache.http.wire - http-outgoing-12 << "HTTP/1.1 204 No Content[\r][\n]"
16:00:56.584 [jersey-client-async-executor-0] DEBUG org.apache.http.wire - http-outgoing-12 << "Api-Version: 1.40[\r][\n]"
16:00:56.584 [jersey-client-async-executor-0] DEBUG org.apache.http.wire - http-outgoing-12 << "Docker-Experimental: false[\r][\n]"
16:00:56.584 [jersey-client-async-executor-0] DEBUG org.apache.http.wire - http-outgoing-12 << "Ostype: linux[\r][\n]"
16:00:56.584 [jersey-client-async-executor-0] DEBUG org.apache.http.wire - http-outgoing-12 << "Server: Docker/19.03.6 (linux)[\r][\n]"
16:00:56.584 [jersey-client-async-executor-0] DEBUG org.apache.http.wire - http-outgoing-12 << "Date: Thu, 27 Feb 2020 16:00:56 GMT[\r][\n]"
16:00:56.584 [jersey-client-async-executor-0] DEBUG org.apache.http.wire - http-outgoing-12 << "[\r][\n]"
16:00:56.584 [jersey-client-async-executor-0] DEBUG org.apache.http.headers - http-outgoing-12 << HTTP/1.1 204 No Content
16:00:56.584 [jersey-client-async-executor-0] DEBUG org.apache.http.headers - http-outgoing-12 << Api-Version: 1.40
16:00:56.584 [jersey-client-async-executor-0] DEBUG org.apache.http.headers - http-outgoing-12 << Docker-Experimental: false
16:00:56.584 [jersey-client-async-executor-0] DEBUG org.apache.http.headers - http-outgoing-12 << Ostype: linux
16:00:56.584 [jersey-client-async-executor-0] DEBUG org.apache.http.headers - http-outgoing-12 << Server: Docker/19.03.6 (linux)
16:00:56.584 [jersey-client-async-executor-0] DEBUG org.apache.http.headers - http-outgoing-12 << Date: Thu, 27 Feb 2020 16:00:56 GMT
16:00:56.585 [jersey-client-async-executor-0] DEBUG org.apache.http.impl.execchain.MainClientExec - Connection can be kept alive indefinitely
16:00:56.585 [jersey-client-async-executor-0] DEBUG org.apache.http.impl.conn.PoolingHttpClientConnectionManager - Connection [id: 12][route: {}->unix://localhost:80] can be kept alive indefinitely
16:00:56.585 [jersey-client-async-executor-0] DEBUG org.apache.http.impl.conn.DefaultManagedHttpClientConnection - http-outgoing-12: set socket timeout to 0
16:00:56.585 [jersey-client-async-executor-0] DEBUG org.apache.http.impl.conn.PoolingHttpClientConnectionManager - Connection released: [id: 12][route: {}->unix://localhost:80][total kept alive: 1; route allocated: 1 of 100; total allocated: 1 of 100]
]]></system-out>
    <system-err><![CDATA[Feb 27, 2020 4:00:52 PM org.openqa.selenium.remote.ProtocolHandshake createSession
INFO: Detected dialect: W3C
]]></system-err>
  </testcase>
</testsuite>